This is pdfTeX, Version 3.14159265-2.6-1.40.17 (TeX Live 2016/Debian) (preloaded format=pdflatex 2017.5.16)  18 APR 2019 12:33
entering extended mode
 restricted \write18 enabled.
 %&-line parsing enabled.
**geom-paper.tex
(./geom-paper.tex
LaTeX2e <2017/01/01> patch level 3
Babel <3.9r> and hyphenation patterns for 83 language(s) loaded.
(/usr/share/texlive/texmf-dist/tex/latex/base/article.cls
Document Class: article 2014/09/29 v1.4h Standard LaTeX document class
(/usr/share/texlive/texmf-dist/tex/latex/base/size11.clo
File: size11.clo 2014/09/29 v1.4h Standard LaTeX file (size option)
)
\c@part=\count79
\c@section=\count80
\c@subsection=\count81
\c@subsubsection=\count82
\c@paragraph=\count83
\c@subparagraph=\count84
\c@figure=\count85
\c@table=\count86
\abovecaptionskip=\skip41
\belowcaptionskip=\skip42
\bibindent=\dimen102
) (./jheppub.sty
Package: jheppub 2013/03/21 r534

(/usr/share/texlive/texmf-dist/tex/latex/amsmath/amsmath.sty
Package: amsmath 2016/11/05 v2.16a AMS math features
\@mathmargin=\skip43

For additional information on amsmath, use the `?' option.
(/usr/share/texlive/texmf-dist/tex/latex/amsmath/amstext.sty
Package: amstext 2000/06/29 v2.01 AMS text

(/usr/share/texlive/texmf-dist/tex/latex/amsmath/amsgen.sty
File: amsgen.sty 1999/11/30 v2.0 generic functions
\@emptytoks=\toks14
\ex@=\dimen103
))
(/usr/share/texlive/texmf-dist/tex/latex/amsmath/amsbsy.sty
Package: amsbsy 1999/11/29 v1.2d Bold Symbols
\pmbraise@=\dimen104
)
(/usr/share/texlive/texmf-dist/tex/latex/amsmath/amsopn.sty
Package: amsopn 2016/03/08 v2.02 operator names
)
\inf@bad=\count87
LaTeX Info: Redefining \frac on input line 213.
\uproot@=\count88
\leftroot@=\count89
LaTeX Info: Redefining \overline on input line 375.
\classnum@=\count90
\DOTSCASE@=\count91
LaTeX Info: Redefining \ldots on input line 472.
LaTeX Info: Redefining \dots on input line 475.
LaTeX Info: Redefining \cdots on input line 596.
\Mathstrutbox@=\box26
\strutbox@=\box27
\big@size=\dimen105
LaTeX Font Info:    Redeclaring font encoding OML on input line 712.
LaTeX Font Info:    Redeclaring font encoding OMS on input line 713.
\macc@depth=\count92
\c@MaxMatrixCols=\count93
\dotsspace@=\muskip10
\c@parentequation=\count94
\dspbrk@lvl=\count95
\tag@help=\toks15
\row@=\count96
\column@=\count97
\maxfields@=\count98
\andhelp@=\toks16
\eqnshift@=\dimen106
\alignsep@=\dimen107
\tagshift@=\dimen108
\tagwidth@=\dimen109
\totwidth@=\dimen110
\lineht@=\dimen111
\@envbody=\toks17
\multlinegap=\skip44
\multlinetaggap=\skip45
\mathdisplay@stack=\toks18
LaTeX Info: Redefining \[ on input line 2817.
LaTeX Info: Redefining \] on input line 2818.
)
(/usr/share/texlive/texmf-dist/tex/latex/amsfonts/amssymb.sty
Package: amssymb 2013/01/14 v3.01 AMS font symbols

(/usr/share/texlive/texmf-dist/tex/latex/amsfonts/amsfonts.sty
Package: amsfonts 2013/01/14 v3.01 Basic AMSFonts support
\symAMSa=\mathgroup4
\symAMSb=\mathgroup5
LaTeX Font Info:    Overwriting math alphabet `\mathfrak' in version `bold'
(Font)                  U/euf/m/n --> U/euf/b/n on input line 106.
))
(/usr/share/texlive/texmf-dist/tex/latex/graphics/epsfig.sty
Package: epsfig 1999/02/16 v1.7a (e)psfig emulation (SPQR)

(/usr/share/texlive/texmf-dist/tex/latex/graphics/graphicx.sty
Package: graphicx 2014/10/28 v1.0g Enhanced LaTeX Graphics (DPC,SPQR)

(/usr/share/texlive/texmf-dist/tex/latex/graphics/keyval.sty
Package: keyval 2014/10/28 v1.15 key=value parser (DPC)
\KV@toks@=\toks19
)
(/usr/share/texlive/texmf-dist/tex/latex/graphics/graphics.sty
Package: graphics 2016/10/09 v1.0u Standard LaTeX Graphics (DPC,SPQR)

(/usr/share/texlive/texmf-dist/tex/latex/graphics/trig.sty
Package: trig 2016/01/03 v1.10 sin cos tan (DPC)
)
(/usr/share/texlive/texmf-dist/tex/latex/graphics-cfg/graphics.cfg
File: graphics.cfg 2016/06/04 v1.11 sample graphics configuration
)
Package graphics Info: Driver file: pdftex.def on input line 99.

(/usr/share/texlive/texmf-dist/tex/latex/graphics-def/pdftex.def
File: pdftex.def 2017/01/12 v0.06k Graphics/color for pdfTeX

(/usr/share/texlive/texmf-dist/tex/generic/oberdiek/infwarerr.sty
Package: infwarerr 2016/05/16 v1.4 Providing info/warning/error messages (HO)
)
(/usr/share/texlive/texmf-dist/tex/generic/oberdiek/ltxcmds.sty
Package: ltxcmds 2016/05/16 v1.23 LaTeX kernel commands for general use (HO)
)
\Gread@gobject=\count99
))
\Gin@req@height=\dimen112
\Gin@req@width=\dimen113
)
\epsfxsize=\dimen114
\epsfysize=\dimen115
)
(/usr/share/texlive/texmf-dist/tex/latex/natbib/natbib.sty
Package: natbib 2010/09/13 8.31b (PWD, AO)
\bibhang=\skip46
\bibsep=\skip47
LaTeX Info: Redefining \cite on input line 694.
\c@NAT@ctr=\count100
)
(/usr/share/texlive/texmf-dist/tex/latex/graphics/color.sty
Package: color 2016/07/10 v1.1e Standard LaTeX Color (DPC)

(/usr/share/texlive/texmf-dist/tex/latex/graphics-cfg/color.cfg
File: color.cfg 2016/01/02 v1.6 sample color configuration
)
Package color Info: Driver file: pdftex.def on input line 147.
)
(/usr/share/texlive/texmf-dist/tex/latex/hyperref/hyperref.sty
Package: hyperref 2016/06/24 v6.83q Hypertext links for LaTeX

(/usr/share/texlive/texmf-dist/tex/generic/oberdiek/hobsub-hyperref.sty
Package: hobsub-hyperref 2016/05/16 v1.14 Bundle oberdiek, subset hyperref (HO)


(/usr/share/texlive/texmf-dist/tex/generic/oberdiek/hobsub-generic.sty
Package: hobsub-generic 2016/05/16 v1.14 Bundle oberdiek, subset generic (HO)
Package: hobsub 2016/05/16 v1.14 Construct package bundles (HO)
Package hobsub Info: Skipping package `infwarerr' (already loaded).
Package hobsub Info: Skipping package `ltxcmds' (already loaded).
Package: ifluatex 2016/05/16 v1.4 Provides the ifluatex switch (HO)
Package ifluatex Info: LuaTeX not detected.
Package: ifvtex 2016/05/16 v1.6 Detect VTeX and its facilities (HO)
Package ifvtex Info: VTeX not detected.
Package: intcalc 2016/05/16 v1.2 Expandable calculations with integers (HO)
Package: ifpdf 2016/05/14 v3.1 Provides the ifpdf switch
Package: etexcmds 2016/05/16 v1.6 Avoid name clashes with e-TeX commands (HO)
Package etexcmds Info: Could not find \expanded.
(etexcmds)             That can mean that you are not using pdfTeX 1.50 or
(etexcmds)             that some package has redefined \expanded.
(etexcmds)             In the latter case, load this package earlier.
Package: kvsetkeys 2016/05/16 v1.17 Key value parser (HO)
Package: kvdefinekeys 2016/05/16 v1.4 Define keys (HO)
Package: pdftexcmds 2016/05/21 v0.22 Utility functions of pdfTeX for LuaTeX (HO
)
Package pdftexcmds Info: LuaTeX not detected.
Package pdftexcmds Info: \pdf@primitive is available.
Package pdftexcmds Info: \pdf@ifprimitive is available.
Package pdftexcmds Info: \pdfdraftmode found.
Package: pdfescape 2016/05/16 v1.14 Implements pdfTeX's escape features (HO)
Package: bigintcalc 2016/05/16 v1.4 Expandable calculations on big integers (HO
)
Package: bitset 2016/05/16 v1.2 Handle bit-vector datatype (HO)
Package: uniquecounter 2016/05/16 v1.3 Provide unlimited unique counter (HO)
)
Package hobsub Info: Skipping package `hobsub' (already loaded).
Package: letltxmacro 2016/05/16 v1.5 Let assignment for LaTeX macros (HO)
Package: hopatch 2016/05/16 v1.3 Wrapper for package hooks (HO)
Package: xcolor-patch 2016/05/16 xcolor patch
Package: atveryend 2016/05/16 v1.9 Hooks at the very end of document (HO)
Package atveryend Info: \enddocument detected (standard20110627).
Package: atbegshi 2016/06/09 v1.18 At begin shipout hook (HO)
Package: refcount 2016/05/16 v3.5 Data extraction from label references (HO)
Package: hycolor 2016/05/16 v1.8 Color options for hyperref/bookmark (HO)
)
(/usr/share/texlive/texmf-dist/tex/generic/ifxetex/ifxetex.sty
Package: ifxetex 2010/09/12 v0.6 Provides ifxetex conditional
)
(/usr/share/texlive/texmf-dist/tex/latex/oberdiek/auxhook.sty
Package: auxhook 2016/05/16 v1.4 Hooks for auxiliary files (HO)
)
(/usr/share/texlive/texmf-dist/tex/latex/oberdiek/kvoptions.sty
Package: kvoptions 2016/05/16 v3.12 Key value format for package options (HO)
)
\@linkdim=\dimen116
\Hy@linkcounter=\count101
\Hy@pagecounter=\count102

(/usr/share/texlive/texmf-dist/tex/latex/hyperref/pd1enc.def
File: pd1enc.def 2016/06/24 v6.83q Hyperref: PDFDocEncoding definition (HO)
)
\Hy@SavedSpaceFactor=\count103

(/usr/share/texlive/texmf-dist/tex/latex/latexconfig/hyperref.cfg
File: hyperref.cfg 2002/06/06 v1.2 hyperref configuration of TeXLive
)
Package hyperref Info: Option `colorlinks' set `true' on input line 4362.


Package hyperref Warning: Option `pagecolor' is not available anymore.

Package hyperref Info: Option `linktocpage' set `true' on input line 4362.
Package hyperref Info: Option `pdfa' set `true' on input line 4362.
Package hyperref Info: Hyper figures OFF on input line 4486.
Package hyperref Info: Link nesting OFF on input line 4491.
Package hyperref Info: Hyper index ON on input line 4494.
Package hyperref Info: Plain pages OFF on input line 4501.
Package hyperref Info: Backreferencing OFF on input line 4506.
Package hyperref Info: Implicit mode ON; LaTeX internals redefined.
Package hyperref Info: Bookmarks ON on input line 4735.
\c@Hy@tempcnt=\count104
(/usr/share/texlive/texmf-dist/tex/latex/url/url.sty
\Urlmuskip=\muskip11
Package: url 2013/09/16  ver 3.4  Verb mode for urls, etc.
)
LaTeX Info: Redefining \url on input line 5088.
\XeTeXLinkMargin=\dimen117
\Fld@menulength=\count105
\Field@Width=\dimen118
\Fld@charsize=\dimen119
Package hyperref Info: Hyper figures OFF on input line 6342.
Package hyperref Info: Link nesting OFF on input line 6347.
Package hyperref Info: Hyper index ON on input line 6350.
Package hyperref Info: backreferencing OFF on input line 6357.
Package hyperref Info: Link coloring ON on input line 6360.
Package hyperref Info: Link coloring with OCG OFF on input line 6367.
Package hyperref Info: PDF/A mode ON on input line 6370.
LaTeX Info: Redefining \ref on input line 6412.
LaTeX Info: Redefining \pageref on input line 6416.
\Hy@abspage=\count106
\c@Item=\count107
\c@Hfootnote=\count108
)

Package hyperref Message: Driver (autodetected): hpdftex.

(/usr/share/texlive/texmf-dist/tex/latex/hyperref/hpdftex.def
File: hpdftex.def 2016/06/24 v6.83q Hyperref driver for pdfTeX
Package hyperref Info: \pdfminorversion:=4 on input line 217.
\Fld@listcount=\count109
\c@bookmark@seq@number=\count110

(/usr/share/texlive/texmf-dist/tex/latex/oberdiek/rerunfilecheck.sty
Package: rerunfilecheck 2016/05/16 v1.8 Rerun checks for auxiliary files (HO)
Package uniquecounter Info: New unique counter `rerunfilecheck' on input line 2
82.
)
\Hy@SectionHShift=\skip48
)
\auth@toks=\toks20
\affil@toks=\toks21
\email@toks=\toks22
\c@email@counter=\count111
\affiliationsSep=\skip49
LaTeX Font Info:    Try loading font information for OT1+phv on input line 158.


(/usr/share/texlive/texmf-dist/tex/latex/psnfss/ot1phv.fd
File: ot1phv.fd 2001/06/04 scalable font definitions for OT1/phv.
))
(/usr/share/texlive/texmf-dist/tex/latex/base/fontenc.sty
Package: fontenc 2017/02/22 v2.0g Standard LaTeX package

(/usr/share/texlive/texmf-dist/tex/latex/base/t1enc.def
File: t1enc.def 2017/02/22 v2.0g Standard LaTeX file
LaTeX Font Info:    Redeclaring font encoding T1 on input line 48.
))
(/usr/share/texlive/texmf-dist/tex/latex/subfigure/subfigure.sty
Package: subfigure 2002/03/15 v2.1.5 subfigure package
\subfigtopskip=\skip50
\subfigcapskip=\skip51
\subfigcaptopadj=\dimen120
\subfigbottomskip=\skip52
\subfigcapmargin=\dimen121
\subfiglabelskip=\skip53
\c@subfigure=\count112
\c@lofdepth=\count113
\c@subtable=\count114
\c@lotdepth=\count115

****************************************
* Local config file subfigure.cfg used *
****************************************
(/usr/share/texlive/texmf-dist/tex/latex/subfigure/subfigure.cfg)
\subfig@top=\skip54
\subfig@bottom=\skip55
)
(/usr/share/texlive/texmf-dist/tex/latex/amscls/amsthm.sty
Package: amsthm 2015/03/04 v2.20.2
\thm@style=\toks23
\thm@bodyfont=\toks24
\thm@headfont=\toks25
\thm@notefont=\toks26
\thm@headpunct=\toks27
\thm@preskip=\skip56
\thm@postskip=\skip57
\thm@headsep=\skip58
\dth@everypar=\toks28
)
(/usr/share/texlive/texmf-dist/tex/latex/bbold/bbold.sty
Package: bbold 1994/04/06 Bbold symbol package
LaTeX Font Info:    Redeclaring math alphabet \mathbb on input line 42.
)
(/usr/share/texlive/texmf-dist/tex/latex/pgf/frontendlayer/tikz.sty
(/usr/share/texlive/texmf-dist/tex/latex/pgf/basiclayer/pgf.sty
(/usr/share/texlive/texmf-dist/tex/latex/pgf/utilities/pgfrcs.sty
(/usr/share/texlive/texmf-dist/tex/generic/pgf/utilities/pgfutil-common.tex
\pgfutil@everybye=\toks29
\pgfutil@tempdima=\dimen122
\pgfutil@tempdimb=\dimen123

(/usr/share/texlive/texmf-dist/tex/generic/pgf/utilities/pgfutil-common-lists.t
ex)) (/usr/share/texlive/texmf-dist/tex/generic/pgf/utilities/pgfutil-latex.def
\pgfutil@abb=\box28
(/usr/share/texlive/texmf-dist/tex/latex/ms/everyshi.sty
Package: everyshi 2001/05/15 v3.00 EveryShipout Package (MS)
))
(/usr/share/texlive/texmf-dist/tex/generic/pgf/utilities/pgfrcs.code.tex
Package: pgfrcs 2015/08/07 v3.0.1a (rcs-revision 1.31)
))
Package: pgf 2015/08/07 v3.0.1a (rcs-revision 1.15)

(/usr/share/texlive/texmf-dist/tex/latex/pgf/basiclayer/pgfcore.sty
(/usr/share/texlive/texmf-dist/tex/latex/pgf/systemlayer/pgfsys.sty
(/usr/share/texlive/texmf-dist/tex/generic/pgf/systemlayer/pgfsys.code.tex
Package: pgfsys 2014/07/09 v3.0.1a (rcs-revision 1.48)

(/usr/share/texlive/texmf-dist/tex/generic/pgf/utilities/pgfkeys.code.tex
\pgfkeys@pathtoks=\toks30
\pgfkeys@temptoks=\toks31

(/usr/share/texlive/texmf-dist/tex/generic/pgf/utilities/pgfkeysfiltered.code.t
ex
\pgfkeys@tmptoks=\toks32
))
\pgf@x=\dimen124
\pgf@y=\dimen125
\pgf@xa=\dimen126
\pgf@ya=\dimen127
\pgf@xb=\dimen128
\pgf@yb=\dimen129
\pgf@xc=\dimen130
\pgf@yc=\dimen131
\w@pgf@writea=\write3
\r@pgf@reada=\read1
\c@pgf@counta=\count116
\c@pgf@countb=\count117
\c@pgf@countc=\count118
\c@pgf@countd=\count119
\t@pgf@toka=\toks33
\t@pgf@tokb=\toks34
\t@pgf@tokc=\toks35
 (/usr/share/texlive/texmf-dist/tex/generic/pgf/systemlayer/pgf.cfg
File: pgf.cfg 2008/05/14  (rcs-revision 1.7)
)
Driver file for pgf: pgfsys-pdftex.def

(/usr/share/texlive/texmf-dist/tex/generic/pgf/systemlayer/pgfsys-pdftex.def
File: pgfsys-pdftex.def 2014/10/11  (rcs-revision 1.35)

(/usr/share/texlive/texmf-dist/tex/generic/pgf/systemlayer/pgfsys-common-pdf.de
f
File: pgfsys-common-pdf.def 2013/10/10  (rcs-revision 1.13)
)))
(/usr/share/texlive/texmf-dist/tex/generic/pgf/systemlayer/pgfsyssoftpath.code.
tex
File: pgfsyssoftpath.code.tex 2013/09/09  (rcs-revision 1.9)
\pgfsyssoftpath@smallbuffer@items=\count120
\pgfsyssoftpath@bigbuffer@items=\count121
)
(/usr/share/texlive/texmf-dist/tex/generic/pgf/systemlayer/pgfsysprotocol.code.
tex
File: pgfsysprotocol.code.tex 2006/10/16  (rcs-revision 1.4)
)) (/usr/share/texlive/texmf-dist/tex/latex/xcolor/xcolor.sty
Package: xcolor 2016/05/11 v2.12 LaTeX color extensions (UK)

(/usr/share/texlive/texmf-dist/tex/latex/graphics-cfg/color.cfg
File: color.cfg 2016/01/02 v1.6 sample color configuration
)
Package xcolor Info: Driver file: pdftex.def on input line 225.
LaTeX Info: Redefining \color on input line 709.
Package xcolor Info: Model `cmy' substituted by `cmy0' on input line 1348.
Package xcolor Info: Model `hsb' substituted by `rgb' on input line 1352.
Package xcolor Info: Model `RGB' extended on input line 1364.
Package xcolor Info: Model `HTML' substituted by `rgb' on input line 1366.
Package xcolor Info: Model `Hsb' substituted by `hsb' on input line 1367.
Package xcolor Info: Model `tHsb' substituted by `hsb' on input line 1368.
Package xcolor Info: Model `HSB' substituted by `hsb' on input line 1369.
Package xcolor Info: Model `Gray' substituted by `gray' on input line 1370.
Package xcolor Info: Model `wave' substituted by `hsb' on input line 1371.
)
(/usr/share/texlive/texmf-dist/tex/generic/pgf/basiclayer/pgfcore.code.tex
Package: pgfcore 2010/04/11 v3.0.1a (rcs-revision 1.7)

(/usr/share/texlive/texmf-dist/tex/generic/pgf/math/pgfmath.code.tex
(/usr/share/texlive/texmf-dist/tex/generic/pgf/math/pgfmathcalc.code.tex
(/usr/share/texlive/texmf-dist/tex/generic/pgf/math/pgfmathutil.code.tex)
(/usr/share/texlive/texmf-dist/tex/generic/pgf/math/pgfmathparser.code.tex
\pgfmath@dimen=\dimen132
\pgfmath@count=\count122
\pgfmath@box=\box29
\pgfmath@toks=\toks36
\pgfmath@stack@operand=\toks37
\pgfmath@stack@operation=\toks38
)
(/usr/share/texlive/texmf-dist/tex/generic/pgf/math/pgfmathfunctions.code.tex
(/usr/share/texlive/texmf-dist/tex/generic/pgf/math/pgfmathfunctions.basic.code
.tex)
(/usr/share/texlive/texmf-dist/tex/generic/pgf/math/pgfmathfunctions.trigonomet
ric.code.tex)
(/usr/share/texlive/texmf-dist/tex/generic/pgf/math/pgfmathfunctions.random.cod
e.tex)
(/usr/share/texlive/texmf-dist/tex/generic/pgf/math/pgfmathfunctions.comparison
.code.tex)
(/usr/share/texlive/texmf-dist/tex/generic/pgf/math/pgfmathfunctions.base.code.
tex)
(/usr/share/texlive/texmf-dist/tex/generic/pgf/math/pgfmathfunctions.round.code
.tex)
(/usr/share/texlive/texmf-dist/tex/generic/pgf/math/pgfmathfunctions.misc.code.
tex)
(/usr/share/texlive/texmf-dist/tex/generic/pgf/math/pgfmathfunctions.integerari
thmetics.code.tex)))
(/usr/share/texlive/texmf-dist/tex/generic/pgf/math/pgfmathfloat.code.tex
\c@pgfmathroundto@lastzeros=\count123
))
(/usr/share/texlive/texmf-dist/tex/generic/pgf/basiclayer/pgfcorepoints.code.te
x
File: pgfcorepoints.code.tex 2013/10/07  (rcs-revision 1.27)
\pgf@picminx=\dimen133
\pgf@picmaxx=\dimen134
\pgf@picminy=\dimen135
\pgf@picmaxy=\dimen136
\pgf@pathminx=\dimen137
\pgf@pathmaxx=\dimen138
\pgf@pathminy=\dimen139
\pgf@pathmaxy=\dimen140
\pgf@xx=\dimen141
\pgf@xy=\dimen142
\pgf@yx=\dimen143
\pgf@yy=\dimen144
\pgf@zx=\dimen145
\pgf@zy=\dimen146
)
(/usr/share/texlive/texmf-dist/tex/generic/pgf/basiclayer/pgfcorepathconstruct.
code.tex
File: pgfcorepathconstruct.code.tex 2013/10/07  (rcs-revision 1.29)
\pgf@path@lastx=\dimen147
\pgf@path@lasty=\dimen148
)
(/usr/share/texlive/texmf-dist/tex/generic/pgf/basiclayer/pgfcorepathusage.code
.tex
File: pgfcorepathusage.code.tex 2014/11/02  (rcs-revision 1.24)
\pgf@shorten@end@additional=\dimen149
\pgf@shorten@start@additional=\dimen150
)
(/usr/share/texlive/texmf-dist/tex/generic/pgf/basiclayer/pgfcorescopes.code.te
x
File: pgfcorescopes.code.tex 2015/05/08  (rcs-revision 1.46)
\pgfpic=\box30
\pgf@hbox=\box31
\pgf@layerbox@main=\box32
\pgf@picture@serial@count=\count124
)
(/usr/share/texlive/texmf-dist/tex/generic/pgf/basiclayer/pgfcoregraphicstate.c
ode.tex
File: pgfcoregraphicstate.code.tex 2014/11/02  (rcs-revision 1.12)
\pgflinewidth=\dimen151
)
(/usr/share/texlive/texmf-dist/tex/generic/pgf/basiclayer/pgfcoretransformation
s.code.tex
File: pgfcoretransformations.code.tex 2015/08/07  (rcs-revision 1.20)
\pgf@pt@x=\dimen152
\pgf@pt@y=\dimen153
\pgf@pt@temp=\dimen154
)
(/usr/share/texlive/texmf-dist/tex/generic/pgf/basiclayer/pgfcorequick.code.tex
File: pgfcorequick.code.tex 2008/10/09  (rcs-revision 1.3)
)
(/usr/share/texlive/texmf-dist/tex/generic/pgf/basiclayer/pgfcoreobjects.code.t
ex
File: pgfcoreobjects.code.tex 2006/10/11  (rcs-revision 1.2)
)
(/usr/share/texlive/texmf-dist/tex/generic/pgf/basiclayer/pgfcorepathprocessing
.code.tex
File: pgfcorepathprocessing.code.tex 2013/09/09  (rcs-revision 1.9)
)
(/usr/share/texlive/texmf-dist/tex/generic/pgf/basiclayer/pgfcorearrows.code.te
x
File: pgfcorearrows.code.tex 2015/05/14  (rcs-revision 1.43)
\pgfarrowsep=\dimen155
)
(/usr/share/texlive/texmf-dist/tex/generic/pgf/basiclayer/pgfcoreshade.code.tex
File: pgfcoreshade.code.tex 2013/07/15  (rcs-revision 1.15)
\pgf@max=\dimen156
\pgf@sys@shading@range@num=\count125
)
(/usr/share/texlive/texmf-dist/tex/generic/pgf/basiclayer/pgfcoreimage.code.tex
File: pgfcoreimage.code.tex 2013/07/15  (rcs-revision 1.18)

(/usr/share/texlive/texmf-dist/tex/generic/pgf/basiclayer/pgfcoreexternal.code.
tex
File: pgfcoreexternal.code.tex 2014/07/09  (rcs-revision 1.21)
\pgfexternal@startupbox=\box33
))
(/usr/share/texlive/texmf-dist/tex/generic/pgf/basiclayer/pgfcorelayers.code.te
x
File: pgfcorelayers.code.tex 2013/07/18  (rcs-revision 1.7)
)
(/usr/share/texlive/texmf-dist/tex/generic/pgf/basiclayer/pgfcoretransparency.c
ode.tex
File: pgfcoretransparency.code.tex 2013/09/30  (rcs-revision 1.5)
)
(/usr/share/texlive/texmf-dist/tex/generic/pgf/basiclayer/pgfcorepatterns.code.
tex
File: pgfcorepatterns.code.tex 2013/11/07  (rcs-revision 1.5)
)))
(/usr/share/texlive/texmf-dist/tex/generic/pgf/modules/pgfmoduleshapes.code.tex
File: pgfmoduleshapes.code.tex 2014/03/21  (rcs-revision 1.35)
\pgfnodeparttextbox=\box34
) (/usr/share/texlive/texmf-dist/tex/generic/pgf/modules/pgfmoduleplot.code.tex
File: pgfmoduleplot.code.tex 2015/08/03  (rcs-revision 1.13)
)
(/usr/share/texlive/texmf-dist/tex/latex/pgf/compatibility/pgfcomp-version-0-65
.sty
Package: pgfcomp-version-0-65 2007/07/03 v3.0.1a (rcs-revision 1.7)
\pgf@nodesepstart=\dimen157
\pgf@nodesepend=\dimen158
)
(/usr/share/texlive/texmf-dist/tex/latex/pgf/compatibility/pgfcomp-version-1-18
.sty
Package: pgfcomp-version-1-18 2007/07/23 v3.0.1a (rcs-revision 1.1)
)) (/usr/share/texlive/texmf-dist/tex/latex/pgf/utilities/pgffor.sty
(/usr/share/texlive/texmf-dist/tex/latex/pgf/utilities/pgfkeys.sty
(/usr/share/texlive/texmf-dist/tex/generic/pgf/utilities/pgfkeys.code.tex))
(/usr/share/texlive/texmf-dist/tex/latex/pgf/math/pgfmath.sty
(/usr/share/texlive/texmf-dist/tex/generic/pgf/math/pgfmath.code.tex))
(/usr/share/texlive/texmf-dist/tex/generic/pgf/utilities/pgffor.code.tex
Package: pgffor 2013/12/13 v3.0.1a (rcs-revision 1.25)

(/usr/share/texlive/texmf-dist/tex/generic/pgf/math/pgfmath.code.tex)
\pgffor@iter=\dimen159
\pgffor@skip=\dimen160
\pgffor@stack=\toks39
\pgffor@toks=\toks40
))
(/usr/share/texlive/texmf-dist/tex/generic/pgf/frontendlayer/tikz/tikz.code.tex
Package: tikz 2015/08/07 v3.0.1a (rcs-revision 1.151)

(/usr/share/texlive/texmf-dist/tex/generic/pgf/libraries/pgflibraryplothandlers
.code.tex
File: pgflibraryplothandlers.code.tex 2013/08/31 v3.0.1a (rcs-revision 1.20)
\pgf@plot@mark@count=\count126
\pgfplotmarksize=\dimen161
)
\tikz@lastx=\dimen162
\tikz@lasty=\dimen163
\tikz@lastxsaved=\dimen164
\tikz@lastysaved=\dimen165
\tikzleveldistance=\dimen166
\tikzsiblingdistance=\dimen167
\tikz@figbox=\box35
\tikz@figbox@bg=\box36
\tikz@tempbox=\box37
\tikz@tempbox@bg=\box38
\tikztreelevel=\count127
\tikznumberofchildren=\count128
\tikznumberofcurrentchild=\count129
\tikz@fig@count=\count130

(/usr/share/texlive/texmf-dist/tex/generic/pgf/modules/pgfmodulematrix.code.tex
File: pgfmodulematrix.code.tex 2013/09/17  (rcs-revision 1.8)
\pgfmatrixcurrentrow=\count131
\pgfmatrixcurrentcolumn=\count132
\pgf@matrix@numberofcolumns=\count133
)
\tikz@expandcount=\count134

(/usr/share/texlive/texmf-dist/tex/generic/pgf/frontendlayer/tikz/libraries/tik
zlibrarytopaths.code.tex
File: tikzlibrarytopaths.code.tex 2008/06/17 v3.0.1a (rcs-revision 1.2)
)))
(/usr/share/texlive/texmf-dist/tex/latex/tkz-euclide/tkz-euclide.sty
Package: tkz-euclide 2011/06/01 1.16 c for plots 2d 

(/usr/share/texlive/texmf-dist/tex/latex/tkz-base/tkz-base.sty
Package: tkz-base 2011/06/01 1.16 c tkz-base

(/usr/share/texlive/texmf-dist/tex/latex/etex-pkg/etex.sty
Package: etex 2016/08/01 v2.7 eTeX basic definition package (PEB,DPC)
\et@xins=\count135
)
(/usr/share/texlive/texmf-dist/tex/generic/pgf/frontendlayer/tikz/libraries/tik
zlibrarycalc.code.tex
File: tikzlibrarycalc.code.tex 2013/07/15 v3.0.1a (rcs-revision 1.9)
)
(/usr/share/texlive/texmf-dist/tex/generic/pgf/frontendlayer/tikz/libraries/tik
zlibraryarrows.code.tex
File: tikzlibraryarrows.code.tex 2008/01/09 v3.0.1a (rcs-revision 1.1)

(/usr/share/texlive/texmf-dist/tex/generic/pgf/libraries/pgflibraryarrows.code.
tex
File: pgflibraryarrows.code.tex 2013/09/23 v3.0.1a (rcs-revision 1.16)
\arrowsize=\dimen168
))
(/usr/share/texlive/texmf-dist/tex/generic/pgf/frontendlayer/tikz/libraries/tik
zlibraryplotmarks.code.tex
File: tikzlibraryplotmarks.code.tex 2008/01/09 v3.0.1a (rcs-revision 1.1)

(/usr/share/texlive/texmf-dist/tex/generic/pgf/libraries/pgflibraryplotmarks.co
de.tex
File: pgflibraryplotmarks.code.tex 2015/08/03 v3.0.1a (rcs-revision 1.14)
))
(/usr/share/texlive/texmf-dist/tex/generic/pgf/frontendlayer/tikz/libraries/tik
zlibrarypositioning.code.tex
File: tikzlibrarypositioning.code.tex 2008/10/06 v3.0.1a (rcs-revision 1.7)
)
(/usr/share/texlive/texmf-dist/tex/generic/pgf/frontendlayer/tikz/libraries/tik
zlibraryshapes.misc.code.tex
File: tikzlibraryshapes.misc.code.tex 2008/01/09 v3.0.1a (rcs-revision 1.1)

(/usr/share/texlive/texmf-dist/tex/generic/pgf/libraries/shapes/pgflibraryshape
s.misc.code.tex
File: pgflibraryshapes.misc.code.tex 2013/07/18 v3.0.1a (rcs-revision 1.5)
))
(/usr/share/texlive/texmf-dist/tex/generic/pgf/frontendlayer/tikz/libraries/tik
zlibrarydecorations.code.tex
(/usr/share/texlive/texmf-dist/tex/generic/pgf/modules/pgfmoduledecorations.cod
e.tex
\pgfdecoratedcompleteddistance=\dimen169
\pgfdecoratedremainingdistance=\dimen170
\pgfdecoratedinputsegmentcompleteddistance=\dimen171
\pgfdecoratedinputsegmentremainingdistance=\dimen172
\pgf@decorate@distancetomove=\dimen173
\pgf@decorate@repeatstate=\count136
\pgfdecorationsegmentamplitude=\dimen174
\pgfdecorationsegmentlength=\dimen175
)
\tikz@lib@dec@box=\box39
)
(/usr/share/texlive/texmf-dist/tex/generic/pgf/frontendlayer/tikz/libraries/tik
zlibrarydecorations.markings.code.tex
(/usr/share/texlive/texmf-dist/tex/generic/pgf/libraries/decorations/pgflibrary
decorations.markings.code.tex))
(/usr/share/texlive/texmf-dist/tex/generic/pgf/frontendlayer/tikz/libraries/tik
zlibrarydecorations.pathreplacing.code.tex
(/usr/share/texlive/texmf-dist/tex/generic/pgf/libraries/decorations/pgflibrary
decorations.pathreplacing.code.tex))
(/usr/share/texlive/texmf-dist/tex/generic/pgf/frontendlayer/tikz/libraries/tik
zlibrarypatterns.code.tex
File: tikzlibrarypatterns.code.tex 2008/01/15 v3.0.1a (rcs-revision 1.2)

(/usr/share/texlive/texmf-dist/tex/generic/pgf/libraries/pgflibrarypatterns.cod
e.tex
File: pgflibrarypatterns.code.tex 2008/03/03 v3.0.1a (rcs-revision 1.13)
)) (/usr/share/texlive/texmf-dist/tex/latex/numprint/numprint.sty
Package: numprint 2012/08/20 v1.39 Print numbers (HH)

(/usr/share/texlive/texmf-dist/tex/latex/tools/array.sty
Package: array 2016/10/06 v2.4d Tabular extension package (FMi)
\col@sep=\dimen176
\extrarowheight=\dimen177
\NC@list=\toks41
\extratabsurround=\skip59
\backup@length=\skip60
)
\c@nprt@mantissa@digitsbefore=\count137
\c@nprt@mantissa@digitsafter=\count138
\c@nprt@exponent@digitsbefore=\count139
\c@nprt@exponent@digitsafter=\count140
\nprt@digitwidth=\skip61
\nprt@sepwidth=\skip62
\nprt@decimalwidth=\skip63
\nprt@blockwidth=\skip64
\nprt@digittoks=\toks42
\nprt@pretoks=\toks43
\nprt@posttoks=\toks44
\nprt@thisdigit=\count141
\nprt@curpos=\count142
\nprt@rndpos=\count143
\c@nprt@digitsfirstblock=\count144
\c@nprt@blockcnt=\count145
\c@nprt@cntprint=\count146

No configuration file `numprint.cfg' found.)
(/usr/share/texlive/texmf-dist/tex/latex/fp/fp.sty
Package: fp 1995/04/02

`Fixed Point Package', Version 0.8, April 2, 1995 (C) Michael Mehlich
(/usr/share/texlive/texmf-dist/tex/latex/fp/defpattern.sty
Package: defpattern 1994/10/12
\actioncount=\count147
)
(/usr/share/texlive/texmf-dist/tex/latex/fp/fp-basic.sty
Package: fp-basic 1996/05/13
\FP@xs=\count148
\FP@xia=\count149
\FP@xib=\count150
\FP@xfa=\count151
\FP@xfb=\count152
\FP@rega=\count153
\FP@regb=\count154
\FP@regs=\count155
\FP@times=\count156
)
(/usr/share/texlive/texmf-dist/tex/latex/fp/fp-addons.sty
Package: fp-addons 1995/03/15
)
(/usr/share/texlive/texmf-dist/tex/latex/fp/fp-snap.sty
Package: fp-snap 1995/04/05
)
(/usr/share/texlive/texmf-dist/tex/latex/fp/fp-exp.sty
Package: fp-exp 1995/04/03
)
(/usr/share/texlive/texmf-dist/tex/latex/fp/fp-trigo.sty
Package: fp-trigo 1995/04/14
)
(/usr/share/texlive/texmf-dist/tex/latex/fp/fp-pas.sty
Package: fp-pas 1994/08/29
)
(/usr/share/texlive/texmf-dist/tex/latex/fp/fp-random.sty
Package: fp-random 1995/02/23
\FPseed=\count157
)
(/usr/share/texlive/texmf-dist/tex/latex/fp/fp-eqn.sty
Package: fp-eqn 1995/04/03
)
(/usr/share/texlive/texmf-dist/tex/latex/fp/fp-upn.sty
Package: fp-upn 1996/10/21
)
(/usr/share/texlive/texmf-dist/tex/latex/fp/fp-eval.sty
Package: fp-eval 1995/04/03
))
\tkzRadius=\dimen178
\tkzLength=\dimen179
\tkz@radi=\dimen180
\tkz@ax=\dimen181
\tkz@ay=\dimen182
\tkz@bx=\dimen183
\tkz@by=\dimen184
\tkz@cx=\dimen185
\tkz@cy=\dimen186
\tkz@dx=\dimen187
\tkz@dy=\dimen188

(/usr/share/texlive/texmf-dist/tex/latex/tkz-base/tkz-tools-utilities.tex)
(/usr/share/texlive/texmf-dist/tex/latex/tkz-base/tkz-tools-arith.tex
File: tkz-tool-arith.tex tkz-tool-arith 1.161 c
)
(/usr/share/texlive/texmf-dist/tex/latex/tkz-base/tkz-tools-base.tex)
(/usr/share/texlive/texmf-dist/tex/latex/tkz-base/tkz-tools-misc.tex)
(/usr/share/texlive/texmf-dist/tex/latex/tkz-base/tkz-tools-math.tex)
(/usr/share/texlive/texmf-dist/tex/latex/tkz-base/tkz-obj-points.tex)
(/usr/share/texlive/texmf-dist/tex/latex/tkz-base/tkz-obj-segments.tex)
(/usr/share/texlive/texmf-dist/tex/latex/tkz-base/tkz-obj-marks.tex
\tkz@cntmk=\count158
))
(/usr/share/texlive/texmf-dist/tex/latex/tkz-euclide/tkz-tools-intersections.te
x)
(/usr/share/texlive/texmf-dist/tex/latex/tkz-euclide/tkz-tools-transformations.
tex) (/usr/share/texlive/texmf-dist/tex/latex/tkz-euclide/tkz-obj-lines.tex)
(/usr/share/texlive/texmf-dist/tex/latex/tkz-euclide/tkz-lib-symbols.tex)
(/usr/share/texlive/texmf-dist/tex/latex/tkz-euclide/tkz-obj-circles.tex)
(/usr/share/texlive/texmf-dist/tex/latex/tkz-euclide/tkz-obj-addpoints.tex))
(/usr/share/texlive/texmf-dist/tex/latex/adjustbox/adjustbox.sty
Package: adjustbox 2012/05/21 v1.0 Adjusting TeX boxes (trim, clip, ...)

(/usr/share/texlive/texmf-dist/tex/latex/xkeyval/xkeyval.sty
Package: xkeyval 2014/12/03 v2.7a package option processing (HA)

(/usr/share/texlive/texmf-dist/tex/generic/xkeyval/xkeyval.tex
(/usr/share/texlive/texmf-dist/tex/generic/xkeyval/xkvutils.tex
\XKV@toks=\toks45
\XKV@tempa@toks=\toks46
)
\XKV@depth=\count159
File: xkeyval.tex 2014/12/03 v2.7a key=value parser (HA)
))
(/usr/share/texlive/texmf-dist/tex/latex/adjustbox/adjcalc.sty
Package: adjcalc 2012/05/16 v1.1 Provides advanced setlength with multiple back
-ends (calc, etex, pgfmath)
)
(/usr/share/texlive/texmf-dist/tex/latex/adjustbox/trimclip.sty
Package: trimclip 2012/05/16 v1.0 Trim and clip general TeX material

(/usr/share/texlive/texmf-dist/tex/latex/collectbox/collectbox.sty
Package: collectbox 2012/05/17 v0.4b Collect macro arguments as boxes
\collectedbox=\box40
)
\tc@llx=\dimen189
\tc@lly=\dimen190
\tc@urx=\dimen191
\tc@ury=\dimen192
Package trimclip Info: Using driver 'tc-pdftex.def'.

(/usr/share/texlive/texmf-dist/tex/latex/adjustbox/tc-pdftex.def
File: tc-pdftex.def 2012/05/13 v1.0 Clipping driver for pdftex
))
\adjbox@Width=\dimen193
\adjbox@Height=\dimen194
\adjbox@Depth=\dimen195
\adjbox@Totalheight=\dimen196

(/usr/share/texlive/texmf-dist/tex/latex/ifoddpage/ifoddpage.sty
Package: ifoddpage 2016/04/23 v1.1 Conditionals for odd/even page detection
\c@checkoddpage=\count160
)
(/usr/share/texlive/texmf-dist/tex/latex/varwidth/varwidth.sty
Package: varwidth 2009/03/30 ver 0.92;  Variable-width minipages
\@vwid@box=\box41
\sift@deathcycles=\count161
\@vwid@loff=\dimen197
\@vwid@roff=\dimen198
))
(/usr/share/texlive/texmf-dist/tex/latex/pst-solides3d/pst-solides3d.sty
(/usr/share/texlive/texmf-dist/tex/latex/pstricks/pstricks.sty
Package: pstricks 2015/11/14 v0.62 LaTeX wrapper for `PSTricks' (RN,HV)

(/usr/share/texlive/texmf-dist/tex/generic/pstricks/pstricks.tex
(/usr/share/texlive/texmf-dist/tex/generic/xkeyval/pst-xkey.tex
File: pst-xkey.tex 2005/11/25 v1.6 PSTricks specialization of xkeyval (HA)
)
(/usr/share/texlive/texmf-dist/tex/generic/pstricks/pst-fp.tex
`pst-fp' v0.05, 2010/01/17 (hv)
\pstFP@xs=\count162
\pstFP@xia=\count163
\pstFP@xib=\count164
\pstFP@xfa=\count165
\pstFP@xfb=\count166
\pstFP@rega=\count167
\pstFP@regb=\count168
\pstFP@regs=\count169
\pstFP@times=\count170
)
(/usr/share/texlive/texmf-dist/tex/generic/pgf/utilities/pgfutil-common.tex
\pgfutil@everybye=\toks47
\pgfutil@tempdima=\dimen199
Normal \dimen register pool exhausted, switching to extended pool.
\pgfutil@tempdimb=\dimen256

(/usr/share/texlive/texmf-dist/tex/generic/pgf/utilities/pgfutil-common-lists.t
ex)) (/usr/share/texlive/texmf-dist/tex/generic/pgf/utilities/pgfkeys.code.tex)
(/usr/share/texlive/texmf-dist/tex/generic/pgf/utilities/pgffor.code.tex
(/usr/share/texlive/texmf-dist/tex/generic/pgf/math/pgfmath.code.tex)
\pgffor@iter=\dimen257
\pgffor@skip=\dimen258
\pgffor@stack=\toks48
\pgffor@toks=\toks49
)
\psLoopIndex=\count171

`PSTricks' v2.71  <2016/12/23> (tvz)
\pst@dima=\dimen259
\pst@dimb=\dimen260
\pst@dimc=\dimen261
\pst@dimd=\dimen262
\pst@dimg=\dimen263
\pst@dimh=\dimen264
\pst@dimm=\dimen265
\pst@dimn=\dimen266
\pst@dimo=\dimen267
\pst@dimp=\dimen268
\pst@hbox=\box42
\pst@ibox=\box43
\pst@boxg=\box44
\pst@cnta=\count172
\pst@cntb=\count173
\pst@cntc=\count174
\pst@cntd=\count175
\pst@cntg=\count176
\pst@cnth=\count177
\pst@cntm=\count178
\pst@cntn=\count179
\pst@cnto=\count180
\pst@cntp=\count181
\@zero=\count182
\pst@toks=\toks50
(/usr/share/texlive/texmf-dist/tex/generic/pstricks/pstricks.con)
\psunit=\dimen269
\psxunit=\dimen270
\psyunit=\dimen271
\pst@C@@rType=\count183
\pslinewidth=\dimen272
\psk@startLW=\dimen273
\psk@endLW=\dimen274
\pst@customdefs=\toks51
\pslinearc=\dimen275
\pst@symbolStep=\dimen276
\pst@symbolWidth=\dimen277
\pst@symbolLinewidth=\dimen278
\everypsbox=\toks52
\psframesep=\dimen279
\pslabelsep=\dimen280
\sh@wgridXunit=\dimen281
\sh@wgridYunit=\dimen282
\pst@shift=\dimen283
)
File: pstricks.tex 2016/12/23 v2.71 `PSTricks' (tvz,hv)

(/usr/share/texlive/texmf-dist/tex/generic/pstricks/pst-fp.tex)
File: pst-fp.tex 2016/12/23 v2.71 `PST-fp' (hv)
)
Package: pst-solides3d 2016/12/10 package wrapper for pst-solides3d

(/usr/share/texlive/texmf-dist/tex/generic/pst-solides3d/pst-solides3d.tex
(/usr/share/texlive/texmf-dist/tex/generic/pst-node/pst-node.tex
 v1.39, 2017/01/20
\psrow=\count184
\pscol=\count185
\psmatrixcnt=\count186
\psrowsep=\skip65
\pscolsep=\skip66
\pst@args=\count187
\num@pts=\count188
\pst@argcnt=\count189
)
(/usr/share/texlive/texmf-dist/tex/generic/multido/multido.tex
 v1.42, 2010/05/14 <tvz>
\multido@count=\count190
\multidocount=\count191
\multido@stuff=\toks53
) `PSTSOLIDESIIID' v4.31, 2016/12/10
\test@mode=\count192
)
File: pst-solides3d.tex 2016/12/10 v4.31 `PST-solides3D'
)
(/usr/share/texlive/texmf-dist/tex/generic/pgf/frontendlayer/tikz/libraries/tik
zlibrarymatrix.code.tex
File: tikzlibrarymatrix.code.tex 2013/07/12 v3.0.1a (rcs-revision 1.4)
)
(/usr/share/texlive/texmf-dist/tex/latex/tikz-3dplot/tikz-3dplot.sty
(/usr/share/texlive/texmf-dist/tex/latex/base/ifthen.sty
Package: ifthen 2014/09/29 v1.1c Standard LaTeX ifthen package (DPC)
)
(/usr/share/texlive/texmf-dist/tex/generic/pgf/frontendlayer/tikz/libraries/tik
zlibrary3d.code.tex
File: tikzlibrary3d.code.tex 2013/07/17 v3.0.1a (rcs-revision 1.2)
)) (/usr/share/texlive/texmf-dist/tex/generic/xypic/xy.sty
(/usr/share/texlive/texmf-dist/tex/generic/xypic/xy.tex Bootstrap'ing:
catcodes, docmode, (/usr/share/texlive/texmf-dist/tex/generic/xypic/xyrecat.tex
) (/usr/share/texlive/texmf-dist/tex/generic/xypic/xyidioms.tex)

 Xy-pic version 3.8.9 <2013/10/06>
 Copyright (c) 1991-2013 by Kristoffer H. Rose <krisrose@tug.org> and others
 Xy-pic is free software: see the User's Guide for details.

Loading kernel: messages; fonts; allocations: state,
\X@c=\dimen284
\Y@c=\dimen285
\U@c=\dimen286
\D@c=\dimen287
\L@c=\dimen288
\R@c=\dimen289
\Edge@c=\toks54
\X@p=\dimen290
\Y@p=\dimen291
\U@p=\dimen292
\D@p=\dimen293
\L@p=\dimen294
\R@p=\dimen295
\Edge@p=\toks55
\X@origin=\dimen296
\Y@origin=\dimen297
\X@xbase=\dimen298
\Y@xbase=\dimen299
\X@ybase=\dimen300
\Y@ybase=\dimen301
\X@min=\dimen302
\Y@min=\dimen303
\X@max=\dimen304
\Y@max=\dimen305
\lastobjectbox@=\box45
\zerodotbox@=\box46
\almostz@=\dimen306
 direction,
\d@X=\dimen307
\d@Y=\dimen308
\K@=\count193
\KK@=\count194
\Direction=\count195
\K@dXdY=\dimen309
\K@dYdX=\dimen310
\xyread@=\read2
\xywrite@=\write4
\csp@=\count196
\quotPTK@=\dimen311

utility macros; pictures: \xy, positions,
\swaptoks@@=\toks56
\connectobjectbox@@=\box47
 objects,
\styletoks@=\toks57
 decorations;
kernel objects: directionals, circles, text; options; algorithms: directions,
edges, connections;  Xy-pic loaded)
Package: xy 2013/10/06 Xy-pic version 3.8.9

(/usr/share/texlive/texmf-dist/tex/generic/xypic/xycmtip.tex
 Xy-pic option: Computer Modern tip extension v.3.7
(/usr/share/texlive/texmf-dist/tex/generic/xypic/xytips.tex
 Xy-pic option: More Tips extension v.3.11 loaded) loaded)
(/usr/share/texlive/texmf-dist/tex/generic/xypic/xyall.tex
 Xy-pic option: All features v.3.8
(/usr/share/texlive/texmf-dist/tex/generic/xypic/xycurve.tex
 Xy-pic option: Curve and Spline extension v.3.12 curve,
\crv@cnt@=\count197
\crvpts@=\toks58
\splinebox@=\box48
\splineval@=\dimen312
\splinedepth@=\dimen313
\splinetol@=\dimen314
\splinelength@=\dimen315
 circles,
\L@=\dimen316
 loaded)
(/usr/share/texlive/texmf-dist/tex/generic/xypic/xyframe.tex
 Xy-pic option: Frame and Bracket extension v.3.14 loaded)
(/usr/share/texlive/texmf-dist/tex/generic/xypic/xyline.tex
 Xy-pic option: Line styles extension v.3.10
\xylinethick@=\dimen317
 loaded)
(/usr/share/texlive/texmf-dist/tex/generic/xypic/xyrotate.tex
 Xy-pic option: Rotate and Scale extension v.3.8 loaded)
(/usr/share/texlive/texmf-dist/tex/generic/xypic/xycolor.tex
 Xy-pic option: Colour extension v.3.11 loaded)
(/usr/share/texlive/texmf-dist/tex/generic/xypic/xymatrix.tex
 Xy-pic option: Matrix feature v.3.14
\Row=\count198
\Col=\count199
\queue@=\toks59
\queue@@=\toks60
Normal \count register pool exhausted, switching to extended pool.
\qcount@=\count277
\qcount@@=\count278
\matrixsize@=\count279
 loaded)
(/usr/share/texlive/texmf-dist/tex/generic/xypic/xyarrow.tex
 Xy-pic option: Arrow and Path feature v.3.9 path, \ar, loaded)
(/usr/share/texlive/texmf-dist/tex/generic/xypic/xygraph.tex
 Xy-pic option: Graph feature v.3.11 loaded) loaded)
(/usr/share/texlive/texmf-dist/tex/generic/xypic/xypdf.tex
 Xy-pic option: PDF driver v.1.7 Xy-pic pdf driver: `color' extension support
(/usr/share/texlive/texmf-dist/tex/generic/xypic/xypdf-co.tex loaded)
Xy-pic pdf driver: `curve' extension support
(/usr/share/texlive/texmf-dist/tex/generic/xypic/xypdf-cu.tex loaded)
Xy-pic pdf driver: `frame' extension support
(/usr/share/texlive/texmf-dist/tex/generic/xypic/xypdf-fr.tex loaded)
Xy-pic pdf driver: `line' extension support
(/usr/share/texlive/texmf-dist/tex/generic/xypic/xypdf-li.tex loaded)
Xy-pic pdf driver: `rotate' extension support
(/usr/share/texlive/texmf-dist/tex/generic/xypic/xypdf-ro.tex loaded) loaded))
\c@thm=\count280

(/usr/share/texlive/texmf-dist/tex/latex/braket/braket.sty) (./geom-paper.aux)
\openout1 = `geom-paper.aux'.

LaTeX Font Info:    Checking defaults for OML/cmm/m/it on input line 70.
LaTeX Font Info:    ... okay on input line 70.
LaTeX Font Info:    Checking defaults for T1/cmr/m/n on input line 70.
LaTeX Font Info:    ... okay on input line 70.
LaTeX Font Info:    Checking defaults for OT1/cmr/m/n on input line 70.
LaTeX Font Info:    ... okay on input line 70.
LaTeX Font Info:    Checking defaults for OMS/cmsy/m/n on input line 70.
LaTeX Font Info:    ... okay on input line 70.
LaTeX Font Info:    Checking defaults for OMX/cmex/m/n on input line 70.
LaTeX Font Info:    ... okay on input line 70.
LaTeX Font Info:    Checking defaults for U/cmr/m/n on input line 70.
LaTeX Font Info:    ... okay on input line 70.
LaTeX Font Info:    Checking defaults for PD1/pdf/m/n on input line 70.
LaTeX Font Info:    ... okay on input line 70.

(/usr/share/texlive/texmf-dist/tex/context/base/mkii/supp-pdf.mkii
[Loading MPS to PDF converter (version 2006.09.02).]
\scratchcounter=\count281
\scratchdimen=\dimen318
\scratchbox=\box49
\nofMPsegments=\count282
\nofMParguments=\count283
\everyMPshowfont=\toks61
\MPscratchCnt=\count284
\MPscratchDim=\dimen319
\MPnumerator=\count285
\makeMPintoPDFobject=\count286
\everyMPtoPDFconversion=\toks62
) (/usr/share/texlive/texmf-dist/tex/latex/oberdiek/epstopdf-base.sty
Package: epstopdf-base 2016/05/15 v2.6 Base part for package epstopdf

(/usr/share/texlive/texmf-dist/tex/latex/oberdiek/grfext.sty
Package: grfext 2016/05/16 v1.2 Manage graphics extensions (HO)
)
Package epstopdf-base Info: Redefining graphics rule for `.eps' on input line 4
38.
Package grfext Info: Graphics extension search list:
(grfext)             [.png,.pdf,.jpg,.mps,.jpeg,.jbig2,.jb2,.PNG,.PDF,.JPG,.JPE
G,.JBIG2,.JB2,.eps]
(grfext)             \AppendGraphicsExtensions on input line 456.

(/usr/share/texlive/texmf-dist/tex/latex/latexconfig/epstopdf-sys.cfg
File: epstopdf-sys.cfg 2010/07/13 v1.3 Configuration of (r)epstopdf for TeX Liv
e
))
\AtBeginShipoutBox=\box50
Package hyperref Info: Link coloring ON on input line 70.

(/usr/share/texlive/texmf-dist/tex/latex/hyperref/nameref.sty
Package: nameref 2016/05/21 v2.44 Cross-referencing by name of section

(/usr/share/texlive/texmf-dist/tex/generic/oberdiek/gettitlestring.sty
Package: gettitlestring 2016/05/16 v1.5 Cleanup title references (HO)
)
\c@section@level=\count287
)
LaTeX Info: Redefining \ref on input line 70.
LaTeX Info: Redefining \pageref on input line 70.
LaTeX Info: Redefining \nameref on input line 70.

(./geom-paper.out) (./geom-paper.out)
\@outlinefile=\write5
\openout5 = `geom-paper.out'.

 ABD: EveryShipout initializing macros
LaTeX Font Info:    Try loading font information for U+msa on input line 70.

(/usr/share/texlive/texmf-dist/tex/latex/amsfonts/umsa.fd
File: umsa.fd 2013/01/14 v3.01 AMS symbols A
)
LaTeX Font Info:    Try loading font information for U+msb on input line 70.

(/usr/share/texlive/texmf-dist/tex/latex/amsfonts/umsb.fd
File: umsb.fd 2013/01/14 v3.01 AMS symbols B
)
Package xypdf Info: Line width: 0.43799pt on input line 70.
LaTeX Font Info:    Try loading font information for T1+cmss on input line 71.

(/usr/share/texlive/texmf-dist/tex/latex/base/t1cmss.fd
File: t1cmss.fd 2014/09/29 v2.5h Standard LaTeX font definitions
)

Package hyperref Warning: Ignoring empty anchor on input line 71.

LaTeX Font Info:    Try loading font information for T1+cmtt on input line 71.
(/usr/share/texlive/texmf-dist/tex/latex/base/t1cmtt.fd
File: t1cmtt.fd 2014/09/29 v2.5h Standard LaTeX font definitions
) [0
Non-PDF special ignored!
Non-PDF special ignored!
Non-PDF special ignored!
Non-PDF special ignored!
Non-PDF special ignored!
Non-PDF special ignored!
Non-PDF special ignored!


Non-PDF special ignored!
Non-PDF special ignored!
Non-PDF special ignored!
Non-PDF special ignored!{/var/lib/texmf/fonts/map/pdftex/updmap/pdftex.map}]
(./geom-paper.toc)
\tf@toc=\write6
\openout6 = `geom-paper.toc'.

LaTeX Font Info:    Try loading font information for OMS+cmr on input line 77.
 (/usr/share/texlive/texmf-dist/tex/latex/base/omscmr.fd
File: omscmr.fd 2014/09/29 v2.5h Standard LaTeX font definitions
)
LaTeX Font Info:    Font shape `OMS/cmr/m/n' in size <10.95> not available
(Font)              Font shape `OMS/cmsy/m/n' tried instead on input line 77.


Package natbib Warning: Citation `Bullivant16' on page 1 undefined on input lin
e 81.


Package natbib Warning: Citation `Bullivant17' on page 1 undefined on input lin
e 81.

[1] [2]

LaTeX Warning: Reference `eq:Av1G' on page 3 undefined on input line 105.

Package epstopdf Info: Source file: <./Figs/Bp2Gket1.eps>
(epstopdf)                    date: 2019-04-11 11:53:00
(epstopdf)                    size: 9967 bytes
(epstopdf)             Output file: <./Figs/Bp2Gket1-eps-converted-to.pdf>
(epstopdf)                    date: 2019-04-11 12:49:01
(epstopdf)                    size: 5190 bytes
(epstopdf)             Command: <repstopdf --outfile=./Figs/Bp2Gket1-eps-conver
ted-to.pdf ./Figs/Bp2Gket1.eps>
(epstopdf)             \includegraphics on input line 108.
Package epstopdf Info: Output file is already uptodate.


pdfTeX warning: pdflatex (file ./Figs/Bp2Gket1-eps-converted-to.pdf): PDF inclu
sion: found PDF version <1.5>, but at most version <1.4> allowed
<./Figs/Bp2Gket1-eps-converted-to.pdf, id=112, 73.27374pt x 61.22874pt>
File: ./Figs/Bp2Gket1-eps-converted-to.pdf Graphic file (type pdf)

<use ./Figs/Bp2Gket1-eps-converted-to.pdf>
Package pdftex.def Info: ./Figs/Bp2Gket1-eps-converted-to.pdf used on input lin
e 108.
(pdftex.def)             Requested size: 47.62735pt x 39.79819pt.
Package epstopdf Info: Source file: <./Figs/Bp2Gket1.eps>
(epstopdf)                    date: 2019-04-11 11:53:00
(epstopdf)                    size: 9967 bytes
(epstopdf)             Output file: <./Figs/Bp2Gket1-eps-converted-to.pdf>
(epstopdf)                    date: 2019-04-11 12:49:01
(epstopdf)                    size: 5190 bytes
(epstopdf)             Command: <repstopdf --outfile=./Figs/Bp2Gket1-eps-conver
ted-to.pdf ./Figs/Bp2Gket1.eps>
(epstopdf)             \includegraphics on input line 108.
Package epstopdf Info: Output file is already uptodate.
File: ./Figs/Bp2Gket1-eps-converted-to.pdf Graphic file (type pdf)

<use ./Figs/Bp2Gket1-eps-converted-to.pdf>
Package pdftex.def Info: ./Figs/Bp2Gket1-eps-converted-to.pdf used on input lin
e 108.
(pdftex.def)             Requested size: 47.62735pt x 39.79819pt.
Package epstopdf Info: Source file: <./Figs/Bp2Gket1.eps>
(epstopdf)                    date: 2019-04-11 11:53:00
(epstopdf)                    size: 9967 bytes
(epstopdf)             Output file: <./Figs/Bp2Gket1-eps-converted-to.pdf>
(epstopdf)                    date: 2019-04-11 12:49:01
(epstopdf)                    size: 5190 bytes
(epstopdf)             Command: <repstopdf --outfile=./Figs/Bp2Gket1-eps-conver
ted-to.pdf ./Figs/Bp2Gket1.eps>
(epstopdf)             \includegraphics on input line 108.
Package epstopdf Info: Output file is already uptodate.
File: ./Figs/Bp2Gket1-eps-converted-to.pdf Graphic file (type pdf)

<use ./Figs/Bp2Gket1-eps-converted-to.pdf>
Package pdftex.def Info: ./Figs/Bp2Gket1-eps-converted-to.pdf used on input lin
e 108.
(pdftex.def)             Requested size: 47.62735pt x 39.79819pt.
Package epstopdf Info: Source file: <./Figs/Bp2Gket1.eps>
(epstopdf)                    date: 2019-04-11 11:53:00
(epstopdf)                    size: 9967 bytes
(epstopdf)             Output file: <./Figs/Bp2Gket1-eps-converted-to.pdf>
(epstopdf)                    date: 2019-04-11 12:49:01
(epstopdf)                    size: 5190 bytes
(epstopdf)             Command: <repstopdf --outfile=./Figs/Bp2Gket1-eps-conver
ted-to.pdf ./Figs/Bp2Gket1.eps>
(epstopdf)             \includegraphics on input line 108.
Package epstopdf Info: Output file is already uptodate.
File: ./Figs/Bp2Gket1-eps-converted-to.pdf Graphic file (type pdf)

<use ./Figs/Bp2Gket1-eps-converted-to.pdf>
Package pdftex.def Info: ./Figs/Bp2Gket1-eps-converted-to.pdf used on input lin
e 108.
(pdftex.def)             Requested size: 47.62735pt x 39.79819pt.


LaTeX Warning: Reference `sec:2gauge' on page 3 undefined on input line 109.


LaTeX Warning: Reference `eq:Av2G' on page 3 undefined on input line 111.

Package epstopdf Info: Source file: <./Figs/color2G.eps>
(epstopdf)                    date: 2019-04-11 11:52:58
(epstopdf)                    size: 37517 bytes
(epstopdf)             Output file: <./Figs/color2G-eps-converted-to.pdf>
(epstopdf)                    date: 2019-04-11 12:49:01
(epstopdf)                    size: 36180 bytes
(epstopdf)             Command: <repstopdf --outfile=./Figs/color2G-eps-convert
ed-to.pdf ./Figs/color2G.eps>
(epstopdf)             \includegraphics on input line 118.
Package epstopdf Info: Output file is already uptodate.


pdfTeX warning: pdflatex (file ./Figs/color2G-eps-converted-to.pdf): PDF inclus
ion: found PDF version <1.5>, but at most version <1.4> allowed
<./Figs/color2G-eps-converted-to.pdf, id=113, 301.125pt x 114.4275pt>
File: ./Figs/color2G-eps-converted-to.pdf Graphic file (type pdf)

<use ./Figs/color2G-eps-converted-to.pdf>
Package pdftex.def Info: ./Figs/color2G-eps-converted-to.pdf used on input line
 118.
(pdftex.def)             Requested size: 240.90031pt x 91.54211pt.
 [3 <./Figs/Bp2Gket1-eps-converted-to.pdf> <./Figs/color2G-eps-converted-to.pdf
>]
Package epstopdf Info: Source file: <./Figs/shortest.eps>
(epstopdf)                    date: 2019-04-11 11:52:58
(epstopdf)                    size: 4141 bytes
(epstopdf)             Output file: <./Figs/shortest-eps-converted-to.pdf>
(epstopdf)                    date: 2019-04-11 12:49:02
(epstopdf)                    size: 3172 bytes
(epstopdf)             Command: <repstopdf --outfile=./Figs/shortest-eps-conver
ted-to.pdf ./Figs/shortest.eps>
(epstopdf)             \includegraphics on input line 146.
Package epstopdf Info: Output file is already uptodate.


pdfTeX warning: pdflatex (file ./Figs/shortest-eps-converted-to.pdf): PDF inclu
sion: found PDF version <1.5>, but at most version <1.4> allowed
<./Figs/shortest-eps-converted-to.pdf, id=136, 102.3825pt x 103.38625pt>
File: ./Figs/shortest-eps-converted-to.pdf Graphic file (type pdf)

<use ./Figs/shortest-eps-converted-to.pdf>
Package pdftex.def Info: ./Figs/shortest-eps-converted-to.pdf used on input lin
e 146.
(pdftex.def)             Requested size: 71.66725pt x 72.36987pt.
LaTeX Font Info:    Try loading font information for U+bbold on input line 150.


(/usr/share/texlive/texmf-dist/tex/latex/bbold/Ubbold.fd)
Package epstopdf Info: Source file: <./Figs/graphstate.eps>
(epstopdf)                    date: 2019-04-11 11:52:58
(epstopdf)                    size: 17311 bytes
(epstopdf)             Output file: <./Figs/graphstate-eps-converted-to.pdf>
(epstopdf)                    date: 2019-04-11 12:49:02
(epstopdf)                    size: 11200 bytes
(epstopdf)             Command: <repstopdf --outfile=./Figs/graphstate-eps-conv
erted-to.pdf ./Figs/graphstate.eps>
(epstopdf)             \includegraphics on input line 153.
Package epstopdf Info: Output file is already uptodate.


pdfTeX warning: pdflatex (file ./Figs/graphstate-eps-converted-to.pdf): PDF inc
lusion: found PDF version <1.5>, but at most version <1.4> allowed
<./Figs/graphstate-eps-converted-to.pdf, id=137, 264.99pt x 97.36375pt>
File: ./Figs/graphstate-eps-converted-to.pdf Graphic file (type pdf)

<use ./Figs/graphstate-eps-converted-to.pdf>
Package pdftex.def Info: ./Figs/graphstate-eps-converted-to.pdf used on input l
ine 153.
(pdftex.def)             Requested size: 211.99228pt x 77.89108pt.
 [4 <./Figs/shortest-eps-converted-to.pdf>]
Package epstopdf Info: Source file: <./Figs/col1.eps>
(epstopdf)                    date: 2019-04-11 11:52:58
(epstopdf)                    size: 4566 bytes
(epstopdf)             Output file: <./Figs/col1-eps-converted-to.pdf>
(epstopdf)                    date: 2019-04-11 12:49:02
(epstopdf)                    size: 3084 bytes
(epstopdf)             Command: <repstopdf --outfile=./Figs/col1-eps-converted-
to.pdf ./Figs/col1.eps>
(epstopdf)             \includegraphics on input line 160.
Package epstopdf Info: Output file is already uptodate.


pdfTeX warning: pdflatex (file ./Figs/col1-eps-converted-to.pdf): PDF inclusion
: found PDF version <1.5>, but at most version <1.4> allowed
<./Figs/col1-eps-converted-to.pdf, id=149, 129.48375pt x 50.1875pt>
File: ./Figs/col1-eps-converted-to.pdf Graphic file (type pdf)

<use ./Figs/col1-eps-converted-to.pdf>
Package pdftex.def Info: ./Figs/col1-eps-converted-to.pdf used on input line 16
0.
(pdftex.def)             Requested size: 84.16342pt x 32.62148pt.
Package epstopdf Info: Source file: <./Figs/col2.eps>
(epstopdf)                    date: 2019-04-11 11:52:58
(epstopdf)                    size: 9250 bytes
(epstopdf)             Output file: <./Figs/col2-eps-converted-to.pdf>
(epstopdf)                    date: 2019-04-11 12:49:03
(epstopdf)                    size: 6812 bytes
(epstopdf)             Command: <repstopdf --outfile=./Figs/col2-eps-converted-
to.pdf ./Figs/col2.eps>
(epstopdf)             \includegraphics on input line 161.
Package epstopdf Info: Output file is already uptodate.


pdfTeX warning: pdflatex (file ./Figs/col2-eps-converted-to.pdf): PDF inclusion
: found PDF version <1.5>, but at most version <1.4> allowed
<./Figs/col2-eps-converted-to.pdf, id=150, 147.55125pt x 50.1875pt>
File: ./Figs/col2-eps-converted-to.pdf Graphic file (type pdf)

<use ./Figs/col2-eps-converted-to.pdf>
Package pdftex.def Info: ./Figs/col2-eps-converted-to.pdf used on input line 16
1.
(pdftex.def)             Requested size: 95.90717pt x 32.62148pt.
 [5 <./Figs/graphstate-eps-converted-to.pdf> <./Figs/col1-eps-converted-to.pdf>
 <./Figs/col2-eps-converted-to.pdf>]
Package epstopdf Info: Source file: <./Figs/Bket1.eps>
(epstopdf)                    date: 2019-04-11 11:52:58
(epstopdf)                    size: 6593 bytes
(epstopdf)             Output file: <./Figs/Bket1-eps-converted-to.pdf>
(epstopdf)                    date: 2019-04-11 12:49:03
(epstopdf)                    size: 3769 bytes
(epstopdf)             Command: <repstopdf --outfile=./Figs/Bket1-eps-converted
-to.pdf ./Figs/Bket1.eps>
(epstopdf)             \includegraphics on input line 173.
Package epstopdf Info: Output file is already uptodate.


pdfTeX warning: pdflatex (file ./Figs/Bket1-eps-converted-to.pdf): PDF inclusio
n: found PDF version <1.5>, but at most version <1.4> allowed
<./Figs/Bket1-eps-converted-to.pdf, id=174, 73.27374pt x 61.22874pt>
File: ./Figs/Bket1-eps-converted-to.pdf Graphic file (type pdf)

<use ./Figs/Bket1-eps-converted-to.pdf>
Package pdftex.def Info: ./Figs/Bket1-eps-converted-to.pdf used on input line 1
73.
(pdftex.def)             Requested size: 47.62735pt x 39.79819pt.
Package epstopdf Info: Source file: <./Figs/Bket1.eps>
(epstopdf)                    date: 2019-04-11 11:52:58
(epstopdf)                    size: 6593 bytes
(epstopdf)             Output file: <./Figs/Bket1-eps-converted-to.pdf>
(epstopdf)                    date: 2019-04-11 12:49:03
(epstopdf)                    size: 3769 bytes
(epstopdf)             Command: <repstopdf --outfile=./Figs/Bket1-eps-converted
-to.pdf ./Figs/Bket1.eps>
(epstopdf)             \includegraphics on input line 173.
Package epstopdf Info: Output file is already uptodate.
File: ./Figs/Bket1-eps-converted-to.pdf Graphic file (type pdf)

<use ./Figs/Bket1-eps-converted-to.pdf>
Package pdftex.def Info: ./Figs/Bket1-eps-converted-to.pdf used on input line 1
73.
(pdftex.def)             Requested size: 47.62735pt x 39.79819pt.
Package epstopdf Info: Source file: <./Figs/Bket1.eps>
(epstopdf)                    date: 2019-04-11 11:52:58
(epstopdf)                    size: 6593 bytes
(epstopdf)             Output file: <./Figs/Bket1-eps-converted-to.pdf>
(epstopdf)                    date: 2019-04-11 12:49:03
(epstopdf)                    size: 3769 bytes
(epstopdf)             Command: <repstopdf --outfile=./Figs/Bket1-eps-converted
-to.pdf ./Figs/Bket1.eps>
(epstopdf)             \includegraphics on input line 173.
Package epstopdf Info: Output file is already uptodate.
File: ./Figs/Bket1-eps-converted-to.pdf Graphic file (type pdf)

<use ./Figs/Bket1-eps-converted-to.pdf>
Package pdftex.def Info: ./Figs/Bket1-eps-converted-to.pdf used on input line 1
73.
(pdftex.def)             Requested size: 47.62735pt x 39.79819pt.
Package epstopdf Info: Source file: <./Figs/Bket1.eps>
(epstopdf)                    date: 2019-04-11 11:52:58
(epstopdf)                    size: 6593 bytes
(epstopdf)             Output file: <./Figs/Bket1-eps-converted-to.pdf>
(epstopdf)                    date: 2019-04-11 12:49:03
(epstopdf)                    size: 3769 bytes
(epstopdf)             Command: <repstopdf --outfile=./Figs/Bket1-eps-converted
-to.pdf ./Figs/Bket1.eps>
(epstopdf)             \includegraphics on input line 173.
Package epstopdf Info: Output file is already uptodate.
File: ./Figs/Bket1-eps-converted-to.pdf Graphic file (type pdf)

<use ./Figs/Bket1-eps-converted-to.pdf>
Package pdftex.def Info: ./Figs/Bket1-eps-converted-to.pdf used on input line 1
73.
(pdftex.def)             Requested size: 47.62735pt x 39.79819pt.
Package epstopdf Info: Source file: <./Figs/Bket1.eps>
(epstopdf)                    date: 2019-04-11 11:52:58
(epstopdf)                    size: 6593 bytes
(epstopdf)             Output file: <./Figs/Bket1-eps-converted-to.pdf>
(epstopdf)                    date: 2019-04-11 12:49:03
(epstopdf)                    size: 3769 bytes
(epstopdf)             Command: <repstopdf --outfile=./Figs/Bket1-eps-converted
-to.pdf ./Figs/Bket1.eps>
(epstopdf)             \includegraphics on input line 173.
Package epstopdf Info: Output file is already uptodate.
File: ./Figs/Bket1-eps-converted-to.pdf Graphic file (type pdf)

<use ./Figs/Bket1-eps-converted-to.pdf>
Package pdftex.def Info: ./Figs/Bket1-eps-converted-to.pdf used on input line 1
73.
(pdftex.def)             Requested size: 47.62735pt x 39.79819pt.
Package epstopdf Info: Source file: <./Figs/Bket1.eps>
(epstopdf)                    date: 2019-04-11 11:52:58
(epstopdf)                    size: 6593 bytes
(epstopdf)             Output file: <./Figs/Bket1-eps-converted-to.pdf>
(epstopdf)                    date: 2019-04-11 12:49:03
(epstopdf)                    size: 3769 bytes
(epstopdf)             Command: <repstopdf --outfile=./Figs/Bket1-eps-converted
-to.pdf ./Figs/Bket1.eps>
(epstopdf)             \includegraphics on input line 173.
Package epstopdf Info: Output file is already uptodate.
File: ./Figs/Bket1-eps-converted-to.pdf Graphic file (type pdf)

<use ./Figs/Bket1-eps-converted-to.pdf>
Package pdftex.def Info: ./Figs/Bket1-eps-converted-to.pdf used on input line 1
73.
(pdftex.def)             Requested size: 47.62735pt x 39.79819pt.
Package epstopdf Info: Source file: <./Figs/graph2.eps>
(epstopdf)                    date: 2019-04-11 11:52:58
(epstopdf)                    size: 14333 bytes
(epstopdf)             Output file: <./Figs/graph2-eps-converted-to.pdf>
(epstopdf)                    date: 2019-04-11 12:49:04
(epstopdf)                    size: 9409 bytes
(epstopdf)             Command: <repstopdf --outfile=./Figs/graph2-eps-converte
d-to.pdf ./Figs/graph2.eps>
(epstopdf)             \includegraphics on input line 177.
Package epstopdf Info: Output file is already uptodate.


pdfTeX warning: pdflatex (file ./Figs/graph2-eps-converted-to.pdf): PDF inclusi
on: found PDF version <1.5>, but at most version <1.4> allowed
<./Figs/graph2-eps-converted-to.pdf, id=175, 168.63pt x 74.2775pt>
File: ./Figs/graph2-eps-converted-to.pdf Graphic file (type pdf)

<use ./Figs/graph2-eps-converted-to.pdf>
Package pdftex.def Info: ./Figs/graph2-eps-converted-to.pdf used on input line 
177.
(pdftex.def)             Requested size: 134.90417pt x 59.42207pt.
Package epstopdf Info: Source file: <./Figs/coltrans.eps>
(epstopdf)                    date: 2019-04-11 11:52:58
(epstopdf)                    size: 21074 bytes
(epstopdf)             Output file: <./Figs/coltrans-eps-converted-to.pdf>
(epstopdf)                    date: 2019-04-11 12:49:04
(epstopdf)                    size: 18178 bytes
(epstopdf)             Command: <repstopdf --outfile=./Figs/coltrans-eps-conver
ted-to.pdf ./Figs/coltrans.eps>
(epstopdf)             \includegraphics on input line 186.
Package epstopdf Info: Output file is already uptodate.


pdfTeX warning: pdflatex (file ./Figs/coltrans-eps-converted-to.pdf): PDF inclu
sion: found PDF version <1.5>, but at most version <1.4> allowed
<./Figs/coltrans-eps-converted-to.pdf, id=182, 301.125pt x 114.4275pt>
File: ./Figs/coltrans-eps-converted-to.pdf Graphic file (type pdf)

<use ./Figs/coltrans-eps-converted-to.pdf>
Package pdftex.def Info: ./Figs/coltrans-eps-converted-to.pdf used on input lin
e 186.
(pdftex.def)             Requested size: 180.67638pt x 68.65701pt.


LaTeX Warning: `!h' float specifier changed to `!ht'.


Package natbib Warning: Citation `pablo' on page 6 undefined on input line 190.


Package epstopdf Info: Source file: <./Figs/class1.eps>
(epstopdf)                    date: 2019-04-11 11:52:58
(epstopdf)                    size: 18183 bytes
(epstopdf)             Output file: <./Figs/class1-eps-converted-to.pdf>
(epstopdf)                    date: 2019-04-11 12:49:04
(epstopdf)                    size: 9162 bytes
(epstopdf)             Command: <repstopdf --outfile=./Figs/class1-eps-converte
d-to.pdf ./Figs/class1.eps>
(epstopdf)             \includegraphics on input line 193.
Package epstopdf Info: Output file is already uptodate.


pdfTeX warning: pdflatex (file ./Figs/class1-eps-converted-to.pdf): PDF inclusi
on: found PDF version <1.5>, but at most version <1.4> allowed
<./Figs/class1-eps-converted-to.pdf, id=184, 801.99625pt x 103.38625pt>
File: ./Figs/class1-eps-converted-to.pdf Graphic file (type pdf)

<use ./Figs/class1-eps-converted-to.pdf>
Package pdftex.def Info: ./Figs/class1-eps-converted-to.pdf used on input line 
193.
(pdftex.def)             Requested size: 441.09929pt x 56.8626pt.

Overfull \hbox (10.8929pt too wide) in paragraph at lines 193--194
 [][] 
 []

[6 <./Figs/Bket1-eps-converted-to.pdf> <./Figs/graph2-eps-converted-to.pdf>]
Package epstopdf Info: Source file: <./Figs/class2.eps>
(epstopdf)                    date: 2019-04-11 11:52:58
(epstopdf)                    size: 13711 bytes
(epstopdf)             Output file: <./Figs/class2-eps-converted-to.pdf>
(epstopdf)                    date: 2019-04-11 12:49:05
(epstopdf)                    size: 8074 bytes
(epstopdf)             Command: <repstopdf --outfile=./Figs/class2-eps-converte
d-to.pdf ./Figs/class2.eps>
(epstopdf)             \includegraphics on input line 200.
Package epstopdf Info: Output file is already uptodate.


pdfTeX warning: pdflatex (file ./Figs/class2-eps-converted-to.pdf): PDF inclusi
on: found PDF version <1.5>, but at most version <1.4> allowed
<./Figs/class2-eps-converted-to.pdf, id=198, 494.84875pt x 103.38625pt>
File: ./Figs/class2-eps-converted-to.pdf Graphic file (type pdf)

<use ./Figs/class2-eps-converted-to.pdf>
Package pdftex.def Info: ./Figs/class2-eps-converted-to.pdf used on input line 
200.
(pdftex.def)             Requested size: 272.16765pt x 56.8626pt.
Package epstopdf Info: Source file: <./Figs/ket1.eps>
(epstopdf)                    date: 2019-04-11 11:52:58
(epstopdf)                    size: 3154 bytes
(epstopdf)             Output file: <./Figs/ket1-eps-converted-to.pdf>
(epstopdf)                    date: 2019-04-11 12:49:06
(epstopdf)                    size: 2738 bytes
(epstopdf)             Command: <repstopdf --outfile=./Figs/ket1-eps-converted-
to.pdf ./Figs/ket1.eps>
(epstopdf)             \includegraphics on input line 210.
Package epstopdf Info: Output file is already uptodate.


pdfTeX warning: pdflatex (file ./Figs/ket1-eps-converted-to.pdf): PDF inclusion
: found PDF version <1.5>, but at most version <1.4> allowed
<./Figs/ket1-eps-converted-to.pdf, id=200, 73.27374pt x 61.22874pt>
File: ./Figs/ket1-eps-converted-to.pdf Graphic file (type pdf)

<use ./Figs/ket1-eps-converted-to.pdf>
Package pdftex.def Info: ./Figs/ket1-eps-converted-to.pdf used on input line 21
0.
(pdftex.def)             Requested size: 47.62735pt x 39.79819pt.
Package epstopdf Info: Source file: <./Figs/Bket1.eps>
(epstopdf)                    date: 2019-04-11 11:52:58
(epstopdf)                    size: 6593 bytes
(epstopdf)             Output file: <./Figs/Bket1-eps-converted-to.pdf>
(epstopdf)                    date: 2019-04-11 12:49:03
(epstopdf)                    size: 3769 bytes
(epstopdf)             Command: <repstopdf --outfile=./Figs/Bket1-eps-converted
-to.pdf ./Figs/Bket1.eps>
(epstopdf)             \includegraphics on input line 212.
Package epstopdf Info: Output file is already uptodate.
File: ./Figs/Bket1-eps-converted-to.pdf Graphic file (type pdf)
 <use ./Figs/Bket1-eps-converted-to.pdf>
Package pdftex.def Info: ./Figs/Bket1-eps-converted-to.pdf used on input line 2
12.
(pdftex.def)             Requested size: 47.62735pt x 39.79819pt.
Package epstopdf Info: Source file: <./Figs/Bket1.eps>
(epstopdf)                    date: 2019-04-11 11:52:58
(epstopdf)                    size: 6593 bytes
(epstopdf)             Output file: <./Figs/Bket1-eps-converted-to.pdf>
(epstopdf)                    date: 2019-04-11 12:49:03
(epstopdf)                    size: 3769 bytes
(epstopdf)             Command: <repstopdf --outfile=./Figs/Bket1-eps-converted
-to.pdf ./Figs/Bket1.eps>
(epstopdf)             \includegraphics on input line 212.
Package epstopdf Info: Output file is already uptodate.
File: ./Figs/Bket1-eps-converted-to.pdf Graphic file (type pdf)

<use ./Figs/Bket1-eps-converted-to.pdf>
Package pdftex.def Info: ./Figs/Bket1-eps-converted-to.pdf used on input line 2
12.
(pdftex.def)             Requested size: 47.62735pt x 39.79819pt.
 [7 <./Figs/coltrans-eps-converted-to.pdf> <./Figs/class1-eps-converted-to.pdf>
 <./Figs/class2-eps-converted-to.pdf> <./Figs/ket1-eps-converted-to.pdf>]
Package epstopdf Info: Source file: <./Figs/ket2.eps>
(epstopdf)                    date: 2019-04-11 11:52:58
(epstopdf)                    size: 7267 bytes
(epstopdf)             Output file: <./Figs/ket2-eps-converted-to.pdf>
(epstopdf)                    date: 2019-04-11 12:49:06
(epstopdf)                    size: 6661 bytes
(epstopdf)             Command: <repstopdf --outfile=./Figs/ket2-eps-converted-
to.pdf ./Figs/ket2.eps>
(epstopdf)             \includegraphics on input line 220.
Package epstopdf Info: Output file is already uptodate.


pdfTeX warning: pdflatex (file ./Figs/ket2-eps-converted-to.pdf): PDF inclusion
: found PDF version <1.5>, but at most version <1.4> allowed
<./Figs/ket2-eps-converted-to.pdf, id=222, 73.27374pt x 61.22874pt>
File: ./Figs/ket2-eps-converted-to.pdf Graphic file (type pdf)

<use ./Figs/ket2-eps-converted-to.pdf>
Package pdftex.def Info: ./Figs/ket2-eps-converted-to.pdf used on input line 22
0.
(pdftex.def)             Requested size: 47.62735pt x 39.79819pt.
 [8 <./Figs/ket2-eps-converted-to.pdf>]
(./geom-paper.bbl [9])

Package natbib Warning: There were undefined citations.

[10]
Package atveryend Info: Empty hook `BeforeClearDocument' on input line 284.
Package atveryend Info: Empty hook `AfterLastShipout' on input line 284.
 (./geom-paper.aux)
Package atveryend Info: Executing hook `AtVeryEndDocument' on input line 284.
Package atveryend Info: Executing hook `AtEndAfterFileList' on input line 284.
Package rerunfilecheck Info: File `geom-paper.out' has not changed.
(rerunfilecheck)             Checksum: 828BEEDD491B4C106054F9F95FD90C97;532.


LaTeX Warning: There were undefined references.

Package atveryend Info: Empty hook `AtVeryVeryEnd' on input line 284.
 ) 
Here is how much of TeX's memory you used:
 27068 strings out of 493013
 487207 string characters out of 6135682
 662170 words of memory out of 5000000
 29880 multiletter control sequences out of 15000+600000
 27900 words of font info for 80 fonts, out of 8000000 for 9000
 1141 hyphenation exceptions out of 8191
 55i,14n,67p,3221b,526s stack positions out of 5000i,500n,10000p,200000b,80000s
{/usr/share/texmf/fonts/enc/dvips/cm-super/cm-super-t1.enc}</usr/share/texliv
e/texmf-dist/fonts/type1/public/bbold-type1/bbold10.pfb></usr/share/texlive/tex
mf-dist/fonts/type1/public/amsfonts/cm/cmex10.pfb></usr/share/texlive/texmf-dis
t/fonts/type1/public/amsfonts/cm/cmmi10.pfb></usr/share/texlive/texmf-dist/font
s/type1/public/amsfonts/cm/cmmi7.pfb></usr/share/texlive/texmf-dist/fonts/type1
/public/amsfonts/cm/cmmi8.pfb></usr/share/texlive/texmf-dist/fonts/type1/public
/amsfonts/cm/cmr10.pfb></usr/share/texlive/texmf-dist/fonts/type1/public/amsfon
ts/cm/cmr6.pfb></usr/share/texlive/texmf-dist/fonts/type1/public/amsfonts/cm/cm
r8.pfb></usr/share/texlive/texmf-dist/fonts/type1/public/amsfonts/cm/cmsy10.pfb
></usr/share/texlive/texmf-dist/fonts/type1/public/amsfonts/cm/cmsy6.pfb></usr/
share/texlive/texmf-dist/fonts/type1/public/amsfonts/cm/cmsy8.pfb></usr/share/t
exmf/fonts/type1/public/cm-super/sfbx1000.pfb></usr/share/texmf/fonts/type1/pub
lic/cm-super/sfbx1095.pfb></usr/share/texmf/fonts/type1/public/cm-super/sfbx120
0.pfb></usr/share/texmf/fonts/type1/public/cm-super/sfcc1000.pfb></usr/share/te
xmf/fonts/type1/public/cm-super/sfcc1095.pfb></usr/share/texmf/fonts/type1/publ
ic/cm-super/sfrm0600.pfb></usr/share/texmf/fonts/type1/public/cm-super/sfrm0800
.pfb></usr/share/texmf/fonts/type1/public/cm-super/sfrm0900.pfb></usr/share/tex
mf/fonts/type1/public/cm-super/sfrm1000.pfb></usr/share/texmf/fonts/type1/publi
c/cm-super/sfrm1095.pfb></usr/share/texmf/fonts/type1/public/cm-super/sfsx1095.
pfb></usr/share/texmf/fonts/type1/public/cm-super/sfsx1728.pfb></usr/share/texm
f/fonts/type1/public/cm-super/sfti1000.pfb></usr/share/texmf/fonts/type1/public
/cm-super/sfti1095.pfb></usr/share/texmf/fonts/type1/public/cm-super/sftt1000.p
fb></usr/share/texmf/fonts/type1/public/cm-super/sftt1095.pfb>
Output written on geom-paper.pdf (11 pages, 568153 bytes).
PDF statistics:
 360 PDF objects out of 1000 (max. 8388607)
 59 named destinations out of 1000 (max. 500000)
 138 words of extra memory for PDF output out of 10000 (max. 10000000)

