This is pdfTeX, Version 3.14159265-2.6-1.40.17 (TeX Live 2016/Debian) (preloaded format=pdflatex 2017.5.16)  12 APR 2019 10:18
entering extended mode
 restricted \write18 enabled.
 %&-line parsing enabled.
**main.tex
(./main.tex
LaTeX2e <2017/01/01> patch level 3
Babel <3.9r> and hyphenation patterns for 83 language(s) loaded.
(/usr/share/texlive/texmf-dist/tex/latex/revtex/revtex4-1.cls
Document Class: revtex4-1 2010/07/25/20:33:00 4.1r (http://publish.aps.org/revt
ex4/ for documentation)
 Copyright (c) 2009 The American Physical Society.
 mailto:revtex@aps.org
 Licensed under the LPPL:
http://www.ctan.org/tex-archive/macros/latex/base/lppl.txt
 Arthur Ogawa <arthur_ogawa at sbcglobal dot net>
 Based on work by David Carlisle <david at dcarlisle.demon.co.uk>.
ltxutil[2010/07/25/20:33:00 4.1r utilities package (portions licensed from W. E
. Baxter web at superscript.com)]
LaTeX Info: Redefining \@centercr on input line 308.
Class revtex4-1 Info: Repairing broken LaTeX eqnarray on input line 358.
\eqncolsep=\skip41
Class revtex4-1 Info: Repairing hyperref-unfriendly LaTeX definition of \mpfoot
note on input line 433.
Class revtex4-1 Info: Repairing broken LateX \@sect on input line 755.
\intertabularlinepenalty=\count79
\@tbpen=\count80
\@arstrutbox@hline=\box26
Class revtex4-1 Info: Repairing broken LaTeX \@xbitor on input line 1786.
Class revtex4-1 Info: Making \typeout \long on input line 2046.
ltxfront[2010/07/25/20:33:00 4.1r frontmatter package (AO,DPC)]
\c@affil=\count81
\c@collab=\count82
\absbox=\box27
ltxgrid[2010/07/25/20:33:00 4.1r page grid package (portions licensed from W. E
. Baxter web at superscript.com)]
\c@linecount=\count83
\output@latex=\toks14
\box@size@1=\box28
\box@size@2=\box29
\@protection@box=\box30
\@topmark@saved=\toks15
\footins@saved=\box31
\footins@recovered=\box32
\column@recovered=\box33
\pagesofar=\box34
\footsofar=\box35
\pagegrid@col=\count84
Class revtex4-1 Info: Overriding \@vspace, \@vspacer, \@no@pgbk, \@newline, and
 \\  on input line 5578.
\c@part=\count85
\c@section=\count86
\c@subsection=\count87
\c@subsubsection=\count88
\c@paragraph=\count89
\c@subparagraph=\count90
\abovecaptionskip=\skip42
\belowcaptionskip=\skip43
\c@figure=\count91
\fbox@1=\box36
\c@table=\count92
\fbox@2=\box37
\c@video=\count93
\fbox@4=\box38
\@bibdataout=\write3
\widetext@top=\box39
\widetext@bot=\box40
Class revtex4-1 Info: Selecting society aps on input line 7542.
(/usr/share/texlive/texmf-dist/tex/latex/revtex/aps4-1.rtx
File: aps4-1 2010/07/25/20:33:00 4.1r (http://publish.aps.org/revtex4/ for docu
mentation)
Class revtex4-1 Info: RevTeX society APS selected on input line 31.
)

Class revtex4-1 Warning: No journal specified, using default pra.

Class revtex4-1 Info: APS journal PRA selected on input line 7545.

Class revtex4-1 Warning: No type size specified, using default 10.

(/usr/share/texlive/texmf-dist/tex/latex/revtex/aps10pt4-1.rtx
File: aps10pt4-1 2010/07/25/20:33:00 4.1r (http://publish.aps.org/revtex4/ for 
documentation)
Class revtex4-1 Info: RevTeX pointsize 10pt selected on input line 30.
)
(/usr/share/texlive/texmf-dist/tex/latex/textcase/textcase.sty
Package: textcase 2004/10/07 v0.07 Text only upper/lower case changing (DPC)
)
(/usr/share/texlive/texmf-dist/tex/latex/amsfonts/amssymb.sty
Package: amssymb 2013/01/14 v3.01 AMS font symbols

(/usr/share/texlive/texmf-dist/tex/latex/amsfonts/amsfonts.sty
Package: amsfonts 2013/01/14 v3.01 Basic AMSFonts support
\@emptytoks=\toks16
\symAMSa=\mathgroup4
\symAMSb=\mathgroup5
LaTeX Font Info:    Overwriting math alphabet `\mathfrak' in version `bold'
(Font)                  U/euf/m/n --> U/euf/b/n on input line 106.
))
(/usr/share/texlive/texmf-dist/tex/latex/amsmath/amsmath.sty
Package: amsmath 2016/11/05 v2.16a AMS math features
\@mathmargin=\skip44

For additional information on amsmath, use the `?' option.
(/usr/share/texlive/texmf-dist/tex/latex/amsmath/amstext.sty
Package: amstext 2000/06/29 v2.01 AMS text

(/usr/share/texlive/texmf-dist/tex/latex/amsmath/amsgen.sty
File: amsgen.sty 1999/11/30 v2.0 generic functions
\@emptytoks=\toks17
\ex@=\dimen102
)
LaTeX Info: Redefining \text on input line 28.
)
(/usr/share/texlive/texmf-dist/tex/latex/amsmath/amsbsy.sty
Package: amsbsy 1999/11/29 v1.2d Bold Symbols
\pmbraise@=\dimen103
)
(/usr/share/texlive/texmf-dist/tex/latex/amsmath/amsopn.sty
Package: amsopn 2016/03/08 v2.02 operator names
)
\inf@bad=\count94
LaTeX Info: Redefining \frac on input line 213.
\uproot@=\count95
\leftroot@=\count96
LaTeX Info: Redefining \overline on input line 375.
\classnum@=\count97
\DOTSCASE@=\count98
LaTeX Info: Redefining \ldots on input line 472.
LaTeX Info: Redefining \dots on input line 475.
LaTeX Info: Redefining \cdots on input line 596.
\Mathstrutbox@=\box41
\strutbox@=\box42
\big@size=\dimen104
LaTeX Font Info:    Redeclaring font encoding OML on input line 712.
LaTeX Font Info:    Redeclaring font encoding OMS on input line 713.
\macc@depth=\count99
\c@MaxMatrixCols=\count100
\dotsspace@=\muskip10
\c@parentequation=\count101
\dspbrk@lvl=\count102
\tag@help=\toks18
\row@=\count103
\column@=\count104
\maxfields@=\count105
\andhelp@=\toks19
\eqnshift@=\dimen105
\alignsep@=\dimen106
\tagshift@=\dimen107
\tagwidth@=\dimen108
\totwidth@=\dimen109
\lineht@=\dimen110
\@envbody=\toks20
\multlinegap=\skip45
\multlinetaggap=\skip46
\mathdisplay@stack=\toks21
LaTeX Info: Redefining \[ on input line 2817.
LaTeX Info: Redefining \] on input line 2818.
)
(/usr/share/texlive/texmf-dist/tex/latex/url/url.sty
\Urlmuskip=\muskip11
Package: url 2013/09/16  ver 3.4  Verb mode for urls, etc.
)
(/usr/share/texlive/texmf-dist/tex/latex/natbib/natbib.sty
Package: natbib 2010/09/13 8.31b (PWD, AO)
\bibhang=\skip47
\bibsep=\skip48
LaTeX Info: Redefining \cite on input line 694.
\c@NAT@ctr=\count106
)
Class revtex4-1 Info: Repairing natbib's \BibitemShut on input line 7549.

(/usr/share/texlive/texmf-dist/tex/latex/revtex/revsymb4-1.sty
Package: revsymb4-1 2010/07/25/20:33:00 4.1r (http://publish.aps.org/revtex4/ f
or documentation)
LaTeX Info: Redefining \frak on input line 95.
LaTeX Info: Redefining \Bbb on input line 111.
LaTeX Info: Redefining \REV@mathfrak on input line 119.
))
(/usr/share/texlive/texmf-dist/tex/latex/graphics/graphicx.sty
Package: graphicx 2014/10/28 v1.0g Enhanced LaTeX Graphics (DPC,SPQR)

(/usr/share/texlive/texmf-dist/tex/latex/graphics/keyval.sty
Package: keyval 2014/10/28 v1.15 key=value parser (DPC)
\KV@toks@=\toks22
)
(/usr/share/texlive/texmf-dist/tex/latex/graphics/graphics.sty
Package: graphics 2016/10/09 v1.0u Standard LaTeX Graphics (DPC,SPQR)

(/usr/share/texlive/texmf-dist/tex/latex/graphics/trig.sty
Package: trig 2016/01/03 v1.10 sin cos tan (DPC)
)
(/usr/share/texlive/texmf-dist/tex/latex/graphics-cfg/graphics.cfg
File: graphics.cfg 2016/06/04 v1.11 sample graphics configuration
)
Package graphics Info: Driver file: pdftex.def on input line 99.

(/usr/share/texlive/texmf-dist/tex/latex/graphics-def/pdftex.def
File: pdftex.def 2017/01/12 v0.06k Graphics/color for pdfTeX

(/usr/share/texlive/texmf-dist/tex/generic/oberdiek/infwarerr.sty
Package: infwarerr 2016/05/16 v1.4 Providing info/warning/error messages (HO)
)
(/usr/share/texlive/texmf-dist/tex/generic/oberdiek/ltxcmds.sty
Package: ltxcmds 2016/05/16 v1.23 LaTeX kernel commands for general use (HO)
)
\Gread@gobject=\count107
))
\Gin@req@height=\dimen111
\Gin@req@width=\dimen112
)
(/usr/share/texlive/texmf-dist/tex/latex/tools/dcolumn.sty
Package: dcolumn 2014/10/28 v1.06 decimal alignment package (DPC)

(/usr/share/texlive/texmf-dist/tex/latex/tools/array.sty
Package: array 2016/10/06 v2.4d Tabular extension package (FMi)
\col@sep=\dimen113
\extrarowheight=\dimen114
\NC@list=\toks23
\extratabsurround=\skip49
\backup@length=\skip50
))
(/usr/share/texlive/texmf-dist/tex/latex/tools/bm.sty
Package: bm 2017/01/16 v1.2c Bold Symbol Support (DPC/FMi)
\symboldoperators=\mathgroup6
\symboldletters=\mathgroup7
\symboldsymbols=\mathgroup8
LaTeX Font Info:    Redeclaring math alphabet \mathbf on input line 141.
LaTeX Info: Redefining \bm on input line 207.
)
(/usr/share/texlive/texmf-dist/tex/latex/subfigure/subfigure.sty
Package: subfigure 2002/03/15 v2.1.5 subfigure package
\subfigtopskip=\skip51
\subfigcapskip=\skip52
\subfigcaptopadj=\dimen115
\subfigbottomskip=\skip53
\subfigcapmargin=\dimen116
\subfiglabelskip=\skip54
\c@subfigure=\count108
\c@lofdepth=\count109
\c@subtable=\count110
\c@lotdepth=\count111

****************************************
* Local config file subfigure.cfg used *
****************************************
(/usr/share/texlive/texmf-dist/tex/latex/subfigure/subfigure.cfg)
\subfig@top=\skip55
\subfig@bottom=\skip56
)
(/usr/share/texlive/texmf-dist/tex/latex/amscls/amsthm.sty
Package: amsthm 2015/03/04 v2.20.2
\thm@style=\toks24
\thm@bodyfont=\toks25
\thm@headfont=\toks26
\thm@notefont=\toks27
\thm@headpunct=\toks28
\thm@preskip=\skip57
\thm@postskip=\skip58
\thm@headsep=\skip59
\dth@everypar=\toks29
)
(/usr/share/texlive/texmf-dist/tex/latex/bbold/bbold.sty
Package: bbold 1994/04/06 Bbold symbol package
LaTeX Font Info:    Redeclaring math alphabet \mathbb on input line 42.
)
(/usr/share/texlive/texmf-dist/tex/latex/pgf/frontendlayer/tikz.sty
(/usr/share/texlive/texmf-dist/tex/latex/pgf/basiclayer/pgf.sty
(/usr/share/texlive/texmf-dist/tex/latex/pgf/utilities/pgfrcs.sty
(/usr/share/texlive/texmf-dist/tex/generic/pgf/utilities/pgfutil-common.tex
\pgfutil@everybye=\toks30
\pgfutil@tempdima=\dimen117
\pgfutil@tempdimb=\dimen118

(/usr/share/texlive/texmf-dist/tex/generic/pgf/utilities/pgfutil-common-lists.t
ex)) (/usr/share/texlive/texmf-dist/tex/generic/pgf/utilities/pgfutil-latex.def
\pgfutil@abb=\box43
(/usr/share/texlive/texmf-dist/tex/latex/ms/everyshi.sty
Package: everyshi 2001/05/15 v3.00 EveryShipout Package (MS)
))
(/usr/share/texlive/texmf-dist/tex/generic/pgf/utilities/pgfrcs.code.tex
Package: pgfrcs 2015/08/07 v3.0.1a (rcs-revision 1.31)
))
Package: pgf 2015/08/07 v3.0.1a (rcs-revision 1.15)

(/usr/share/texlive/texmf-dist/tex/latex/pgf/basiclayer/pgfcore.sty
(/usr/share/texlive/texmf-dist/tex/latex/pgf/systemlayer/pgfsys.sty
(/usr/share/texlive/texmf-dist/tex/generic/pgf/systemlayer/pgfsys.code.tex
Package: pgfsys 2014/07/09 v3.0.1a (rcs-revision 1.48)

(/usr/share/texlive/texmf-dist/tex/generic/pgf/utilities/pgfkeys.code.tex
\pgfkeys@pathtoks=\toks31
\pgfkeys@temptoks=\toks32

(/usr/share/texlive/texmf-dist/tex/generic/pgf/utilities/pgfkeysfiltered.code.t
ex
\pgfkeys@tmptoks=\toks33
))
\pgf@x=\dimen119
\pgf@y=\dimen120
\pgf@xa=\dimen121
\pgf@ya=\dimen122
\pgf@xb=\dimen123
\pgf@yb=\dimen124
\pgf@xc=\dimen125
\pgf@yc=\dimen126
\w@pgf@writea=\write4
\r@pgf@reada=\read1
\c@pgf@counta=\count112
\c@pgf@countb=\count113
\c@pgf@countc=\count114
\c@pgf@countd=\count115
\t@pgf@toka=\toks34
\t@pgf@tokb=\toks35
\t@pgf@tokc=\toks36
 (/usr/share/texlive/texmf-dist/tex/generic/pgf/systemlayer/pgf.cfg
File: pgf.cfg 2008/05/14  (rcs-revision 1.7)
)
Driver file for pgf: pgfsys-pdftex.def

(/usr/share/texlive/texmf-dist/tex/generic/pgf/systemlayer/pgfsys-pdftex.def
File: pgfsys-pdftex.def 2014/10/11  (rcs-revision 1.35)

(/usr/share/texlive/texmf-dist/tex/generic/pgf/systemlayer/pgfsys-common-pdf.de
f
File: pgfsys-common-pdf.def 2013/10/10  (rcs-revision 1.13)
)))
(/usr/share/texlive/texmf-dist/tex/generic/pgf/systemlayer/pgfsyssoftpath.code.
tex
File: pgfsyssoftpath.code.tex 2013/09/09  (rcs-revision 1.9)
\pgfsyssoftpath@smallbuffer@items=\count116
\pgfsyssoftpath@bigbuffer@items=\count117
)
(/usr/share/texlive/texmf-dist/tex/generic/pgf/systemlayer/pgfsysprotocol.code.
tex
File: pgfsysprotocol.code.tex 2006/10/16  (rcs-revision 1.4)
)) (/usr/share/texlive/texmf-dist/tex/latex/xcolor/xcolor.sty
Package: xcolor 2016/05/11 v2.12 LaTeX color extensions (UK)

(/usr/share/texlive/texmf-dist/tex/latex/graphics-cfg/color.cfg
File: color.cfg 2016/01/02 v1.6 sample color configuration
)
Package xcolor Info: Driver file: pdftex.def on input line 225.
Package xcolor Info: Model `cmy' substituted by `cmy0' on input line 1348.
Package xcolor Info: Model `hsb' substituted by `rgb' on input line 1352.
Package xcolor Info: Model `RGB' extended on input line 1364.
Package xcolor Info: Model `HTML' substituted by `rgb' on input line 1366.
Package xcolor Info: Model `Hsb' substituted by `hsb' on input line 1367.
Package xcolor Info: Model `tHsb' substituted by `hsb' on input line 1368.
Package xcolor Info: Model `HSB' substituted by `hsb' on input line 1369.
Package xcolor Info: Model `Gray' substituted by `gray' on input line 1370.
Package xcolor Info: Model `wave' substituted by `hsb' on input line 1371.
)
(/usr/share/texlive/texmf-dist/tex/generic/pgf/basiclayer/pgfcore.code.tex
Package: pgfcore 2010/04/11 v3.0.1a (rcs-revision 1.7)

(/usr/share/texlive/texmf-dist/tex/generic/pgf/math/pgfmath.code.tex
(/usr/share/texlive/texmf-dist/tex/generic/pgf/math/pgfmathcalc.code.tex
(/usr/share/texlive/texmf-dist/tex/generic/pgf/math/pgfmathutil.code.tex)
(/usr/share/texlive/texmf-dist/tex/generic/pgf/math/pgfmathparser.code.tex
\pgfmath@dimen=\dimen127
\pgfmath@count=\count118
\pgfmath@box=\box44
\pgfmath@toks=\toks37
\pgfmath@stack@operand=\toks38
\pgfmath@stack@operation=\toks39
)
(/usr/share/texlive/texmf-dist/tex/generic/pgf/math/pgfmathfunctions.code.tex
(/usr/share/texlive/texmf-dist/tex/generic/pgf/math/pgfmathfunctions.basic.code
.tex)
(/usr/share/texlive/texmf-dist/tex/generic/pgf/math/pgfmathfunctions.trigonomet
ric.code.tex)
(/usr/share/texlive/texmf-dist/tex/generic/pgf/math/pgfmathfunctions.random.cod
e.tex)
(/usr/share/texlive/texmf-dist/tex/generic/pgf/math/pgfmathfunctions.comparison
.code.tex)
(/usr/share/texlive/texmf-dist/tex/generic/pgf/math/pgfmathfunctions.base.code.
tex)
(/usr/share/texlive/texmf-dist/tex/generic/pgf/math/pgfmathfunctions.round.code
.tex)
(/usr/share/texlive/texmf-dist/tex/generic/pgf/math/pgfmathfunctions.misc.code.
tex)
(/usr/share/texlive/texmf-dist/tex/generic/pgf/math/pgfmathfunctions.integerari
thmetics.code.tex)))
(/usr/share/texlive/texmf-dist/tex/generic/pgf/math/pgfmathfloat.code.tex
\c@pgfmathroundto@lastzeros=\count119
))
(/usr/share/texlive/texmf-dist/tex/generic/pgf/basiclayer/pgfcorepoints.code.te
x
File: pgfcorepoints.code.tex 2013/10/07  (rcs-revision 1.27)
\pgf@picminx=\dimen128
\pgf@picmaxx=\dimen129
\pgf@picminy=\dimen130
\pgf@picmaxy=\dimen131
\pgf@pathminx=\dimen132
\pgf@pathmaxx=\dimen133
\pgf@pathminy=\dimen134
\pgf@pathmaxy=\dimen135
\pgf@xx=\dimen136
\pgf@xy=\dimen137
\pgf@yx=\dimen138
\pgf@yy=\dimen139
\pgf@zx=\dimen140
\pgf@zy=\dimen141
)
(/usr/share/texlive/texmf-dist/tex/generic/pgf/basiclayer/pgfcorepathconstruct.
code.tex
File: pgfcorepathconstruct.code.tex 2013/10/07  (rcs-revision 1.29)
\pgf@path@lastx=\dimen142
\pgf@path@lasty=\dimen143
)
(/usr/share/texlive/texmf-dist/tex/generic/pgf/basiclayer/pgfcorepathusage.code
.tex
File: pgfcorepathusage.code.tex 2014/11/02  (rcs-revision 1.24)
\pgf@shorten@end@additional=\dimen144
\pgf@shorten@start@additional=\dimen145
)
(/usr/share/texlive/texmf-dist/tex/generic/pgf/basiclayer/pgfcorescopes.code.te
x
File: pgfcorescopes.code.tex 2015/05/08  (rcs-revision 1.46)
\pgfpic=\box45
\pgf@hbox=\box46
\pgf@layerbox@main=\box47
\pgf@picture@serial@count=\count120
)
(/usr/share/texlive/texmf-dist/tex/generic/pgf/basiclayer/pgfcoregraphicstate.c
ode.tex
File: pgfcoregraphicstate.code.tex 2014/11/02  (rcs-revision 1.12)
\pgflinewidth=\dimen146
)
(/usr/share/texlive/texmf-dist/tex/generic/pgf/basiclayer/pgfcoretransformation
s.code.tex
File: pgfcoretransformations.code.tex 2015/08/07  (rcs-revision 1.20)
\pgf@pt@x=\dimen147
\pgf@pt@y=\dimen148
\pgf@pt@temp=\dimen149
)
(/usr/share/texlive/texmf-dist/tex/generic/pgf/basiclayer/pgfcorequick.code.tex
File: pgfcorequick.code.tex 2008/10/09  (rcs-revision 1.3)
)
(/usr/share/texlive/texmf-dist/tex/generic/pgf/basiclayer/pgfcoreobjects.code.t
ex
File: pgfcoreobjects.code.tex 2006/10/11  (rcs-revision 1.2)
)
(/usr/share/texlive/texmf-dist/tex/generic/pgf/basiclayer/pgfcorepathprocessing
.code.tex
File: pgfcorepathprocessing.code.tex 2013/09/09  (rcs-revision 1.9)
)
(/usr/share/texlive/texmf-dist/tex/generic/pgf/basiclayer/pgfcorearrows.code.te
x
File: pgfcorearrows.code.tex 2015/05/14  (rcs-revision 1.43)
\pgfarrowsep=\dimen150
)
(/usr/share/texlive/texmf-dist/tex/generic/pgf/basiclayer/pgfcoreshade.code.tex
File: pgfcoreshade.code.tex 2013/07/15  (rcs-revision 1.15)
\pgf@max=\dimen151
\pgf@sys@shading@range@num=\count121
)
(/usr/share/texlive/texmf-dist/tex/generic/pgf/basiclayer/pgfcoreimage.code.tex
File: pgfcoreimage.code.tex 2013/07/15  (rcs-revision 1.18)

(/usr/share/texlive/texmf-dist/tex/generic/pgf/basiclayer/pgfcoreexternal.code.
tex
File: pgfcoreexternal.code.tex 2014/07/09  (rcs-revision 1.21)
\pgfexternal@startupbox=\box48
))
(/usr/share/texlive/texmf-dist/tex/generic/pgf/basiclayer/pgfcorelayers.code.te
x
File: pgfcorelayers.code.tex 2013/07/18  (rcs-revision 1.7)
)
(/usr/share/texlive/texmf-dist/tex/generic/pgf/basiclayer/pgfcoretransparency.c
ode.tex
File: pgfcoretransparency.code.tex 2013/09/30  (rcs-revision 1.5)
)
(/usr/share/texlive/texmf-dist/tex/generic/pgf/basiclayer/pgfcorepatterns.code.
tex
File: pgfcorepatterns.code.tex 2013/11/07  (rcs-revision 1.5)
)))
(/usr/share/texlive/texmf-dist/tex/generic/pgf/modules/pgfmoduleshapes.code.tex
File: pgfmoduleshapes.code.tex 2014/03/21  (rcs-revision 1.35)
\pgfnodeparttextbox=\box49
) (/usr/share/texlive/texmf-dist/tex/generic/pgf/modules/pgfmoduleplot.code.tex
File: pgfmoduleplot.code.tex 2015/08/03  (rcs-revision 1.13)
)
(/usr/share/texlive/texmf-dist/tex/latex/pgf/compatibility/pgfcomp-version-0-65
.sty
Package: pgfcomp-version-0-65 2007/07/03 v3.0.1a (rcs-revision 1.7)
\pgf@nodesepstart=\dimen152
\pgf@nodesepend=\dimen153
)
(/usr/share/texlive/texmf-dist/tex/latex/pgf/compatibility/pgfcomp-version-1-18
.sty
Package: pgfcomp-version-1-18 2007/07/23 v3.0.1a (rcs-revision 1.1)
)) (/usr/share/texlive/texmf-dist/tex/latex/pgf/utilities/pgffor.sty
(/usr/share/texlive/texmf-dist/tex/latex/pgf/utilities/pgfkeys.sty
(/usr/share/texlive/texmf-dist/tex/generic/pgf/utilities/pgfkeys.code.tex))
(/usr/share/texlive/texmf-dist/tex/latex/pgf/math/pgfmath.sty
(/usr/share/texlive/texmf-dist/tex/generic/pgf/math/pgfmath.code.tex))
(/usr/share/texlive/texmf-dist/tex/generic/pgf/utilities/pgffor.code.tex
Package: pgffor 2013/12/13 v3.0.1a (rcs-revision 1.25)

(/usr/share/texlive/texmf-dist/tex/generic/pgf/math/pgfmath.code.tex)
\pgffor@iter=\dimen154
\pgffor@skip=\dimen155
\pgffor@stack=\toks40
\pgffor@toks=\toks41
))
(/usr/share/texlive/texmf-dist/tex/generic/pgf/frontendlayer/tikz/tikz.code.tex
Package: tikz 2015/08/07 v3.0.1a (rcs-revision 1.151)

(/usr/share/texlive/texmf-dist/tex/generic/pgf/libraries/pgflibraryplothandlers
.code.tex
File: pgflibraryplothandlers.code.tex 2013/08/31 v3.0.1a (rcs-revision 1.20)
\pgf@plot@mark@count=\count122
\pgfplotmarksize=\dimen156
)
\tikz@lastx=\dimen157
\tikz@lasty=\dimen158
\tikz@lastxsaved=\dimen159
\tikz@lastysaved=\dimen160
\tikzleveldistance=\dimen161
\tikzsiblingdistance=\dimen162
\tikz@figbox=\box50
\tikz@figbox@bg=\box51
\tikz@tempbox=\box52
\tikz@tempbox@bg=\box53
\tikztreelevel=\count123
\tikznumberofchildren=\count124
\tikznumberofcurrentchild=\count125
\tikz@fig@count=\count126

(/usr/share/texlive/texmf-dist/tex/generic/pgf/modules/pgfmodulematrix.code.tex
File: pgfmodulematrix.code.tex 2013/09/17  (rcs-revision 1.8)
\pgfmatrixcurrentrow=\count127
\pgfmatrixcurrentcolumn=\count128
\pgf@matrix@numberofcolumns=\count129
)
\tikz@expandcount=\count130

(/usr/share/texlive/texmf-dist/tex/generic/pgf/frontendlayer/tikz/libraries/tik
zlibrarytopaths.code.tex
File: tikzlibrarytopaths.code.tex 2008/06/17 v3.0.1a (rcs-revision 1.2)
)))
(/usr/share/texlive/texmf-dist/tex/latex/tkz-euclide/tkz-euclide.sty
Package: tkz-euclide 2011/06/01 1.16 c for plots 2d 

(/usr/share/texlive/texmf-dist/tex/latex/tkz-base/tkz-base.sty
Package: tkz-base 2011/06/01 1.16 c tkz-base

(/usr/share/texlive/texmf-dist/tex/latex/etex-pkg/etex.sty
Package: etex 2016/08/01 v2.7 eTeX basic definition package (PEB,DPC)
\et@xins=\count131
)
(/usr/share/texlive/texmf-dist/tex/generic/pgf/frontendlayer/tikz/libraries/tik
zlibrarycalc.code.tex
File: tikzlibrarycalc.code.tex 2013/07/15 v3.0.1a (rcs-revision 1.9)
)
(/usr/share/texlive/texmf-dist/tex/generic/pgf/frontendlayer/tikz/libraries/tik
zlibraryarrows.code.tex
File: tikzlibraryarrows.code.tex 2008/01/09 v3.0.1a (rcs-revision 1.1)

(/usr/share/texlive/texmf-dist/tex/generic/pgf/libraries/pgflibraryarrows.code.
tex
File: pgflibraryarrows.code.tex 2013/09/23 v3.0.1a (rcs-revision 1.16)
\arrowsize=\dimen163
))
(/usr/share/texlive/texmf-dist/tex/generic/pgf/frontendlayer/tikz/libraries/tik
zlibraryplotmarks.code.tex
File: tikzlibraryplotmarks.code.tex 2008/01/09 v3.0.1a (rcs-revision 1.1)

(/usr/share/texlive/texmf-dist/tex/generic/pgf/libraries/pgflibraryplotmarks.co
de.tex
File: pgflibraryplotmarks.code.tex 2015/08/03 v3.0.1a (rcs-revision 1.14)
))
(/usr/share/texlive/texmf-dist/tex/generic/pgf/frontendlayer/tikz/libraries/tik
zlibrarypositioning.code.tex
File: tikzlibrarypositioning.code.tex 2008/10/06 v3.0.1a (rcs-revision 1.7)
)
(/usr/share/texlive/texmf-dist/tex/generic/pgf/frontendlayer/tikz/libraries/tik
zlibraryshapes.misc.code.tex
File: tikzlibraryshapes.misc.code.tex 2008/01/09 v3.0.1a (rcs-revision 1.1)

(/usr/share/texlive/texmf-dist/tex/generic/pgf/libraries/shapes/pgflibraryshape
s.misc.code.tex
File: pgflibraryshapes.misc.code.tex 2013/07/18 v3.0.1a (rcs-revision 1.5)
))
(/usr/share/texlive/texmf-dist/tex/generic/pgf/frontendlayer/tikz/libraries/tik
zlibrarydecorations.code.tex
(/usr/share/texlive/texmf-dist/tex/generic/pgf/modules/pgfmoduledecorations.cod
e.tex
\pgfdecoratedcompleteddistance=\dimen164
\pgfdecoratedremainingdistance=\dimen165
\pgfdecoratedinputsegmentcompleteddistance=\dimen166
\pgfdecoratedinputsegmentremainingdistance=\dimen167
\pgf@decorate@distancetomove=\dimen168
\pgf@decorate@repeatstate=\count132
\pgfdecorationsegmentamplitude=\dimen169
\pgfdecorationsegmentlength=\dimen170
)
\tikz@lib@dec@box=\box54
)
(/usr/share/texlive/texmf-dist/tex/generic/pgf/frontendlayer/tikz/libraries/tik
zlibrarydecorations.markings.code.tex
(/usr/share/texlive/texmf-dist/tex/generic/pgf/libraries/decorations/pgflibrary
decorations.markings.code.tex))
(/usr/share/texlive/texmf-dist/tex/generic/pgf/frontendlayer/tikz/libraries/tik
zlibrarydecorations.pathreplacing.code.tex
(/usr/share/texlive/texmf-dist/tex/generic/pgf/libraries/decorations/pgflibrary
decorations.pathreplacing.code.tex))
(/usr/share/texlive/texmf-dist/tex/generic/pgf/frontendlayer/tikz/libraries/tik
zlibrarypatterns.code.tex
File: tikzlibrarypatterns.code.tex 2008/01/15 v3.0.1a (rcs-revision 1.2)

(/usr/share/texlive/texmf-dist/tex/generic/pgf/libraries/pgflibrarypatterns.cod
e.tex
File: pgflibrarypatterns.code.tex 2008/03/03 v3.0.1a (rcs-revision 1.13)
)) (/usr/share/texlive/texmf-dist/tex/latex/numprint/numprint.sty
Package: numprint 2012/08/20 v1.39 Print numbers (HH)
\c@nprt@mantissa@digitsbefore=\count133
\c@nprt@mantissa@digitsafter=\count134
\c@nprt@exponent@digitsbefore=\count135
\c@nprt@exponent@digitsafter=\count136
\nprt@digitwidth=\skip60
\nprt@sepwidth=\skip61
\nprt@decimalwidth=\skip62
\nprt@blockwidth=\skip63
\nprt@digittoks=\toks42
\nprt@pretoks=\toks43
\nprt@posttoks=\toks44
\nprt@thisdigit=\count137
\nprt@curpos=\count138
\nprt@rndpos=\count139
\c@nprt@digitsfirstblock=\count140
\c@nprt@blockcnt=\count141
\c@nprt@cntprint=\count142

No configuration file `numprint.cfg' found.)
(/usr/share/texlive/texmf-dist/tex/latex/fp/fp.sty
Package: fp 1995/04/02

`Fixed Point Package', Version 0.8, April 2, 1995 (C) Michael Mehlich
(/usr/share/texlive/texmf-dist/tex/latex/fp/defpattern.sty
Package: defpattern 1994/10/12
\actioncount=\count143
)
(/usr/share/texlive/texmf-dist/tex/latex/fp/fp-basic.sty
Package: fp-basic 1996/05/13
\FP@xs=\count144
\FP@xia=\count145
\FP@xib=\count146
\FP@xfa=\count147
\FP@xfb=\count148
\FP@rega=\count149
\FP@regb=\count150
\FP@regs=\count151
\FP@times=\count152
)
(/usr/share/texlive/texmf-dist/tex/latex/fp/fp-addons.sty
Package: fp-addons 1995/03/15
)
(/usr/share/texlive/texmf-dist/tex/latex/fp/fp-snap.sty
Package: fp-snap 1995/04/05
)
(/usr/share/texlive/texmf-dist/tex/latex/fp/fp-exp.sty
Package: fp-exp 1995/04/03
)
(/usr/share/texlive/texmf-dist/tex/latex/fp/fp-trigo.sty
Package: fp-trigo 1995/04/14
)
(/usr/share/texlive/texmf-dist/tex/latex/fp/fp-pas.sty
Package: fp-pas 1994/08/29
)
(/usr/share/texlive/texmf-dist/tex/latex/fp/fp-random.sty
Package: fp-random 1995/02/23
\FPseed=\count153
)
(/usr/share/texlive/texmf-dist/tex/latex/fp/fp-eqn.sty
Package: fp-eqn 1995/04/03
)
(/usr/share/texlive/texmf-dist/tex/latex/fp/fp-upn.sty
Package: fp-upn 1996/10/21
)
(/usr/share/texlive/texmf-dist/tex/latex/fp/fp-eval.sty
Package: fp-eval 1995/04/03
))
\tkzRadius=\dimen171
\tkzLength=\dimen172
\tkz@radi=\dimen173
\tkz@ax=\dimen174
\tkz@ay=\dimen175
\tkz@bx=\dimen176
\tkz@by=\dimen177
\tkz@cx=\dimen178
\tkz@cy=\dimen179
\tkz@dx=\dimen180
\tkz@dy=\dimen181

(/usr/share/texlive/texmf-dist/tex/latex/tkz-base/tkz-tools-utilities.tex)
(/usr/share/texlive/texmf-dist/tex/latex/tkz-base/tkz-tools-arith.tex
File: tkz-tool-arith.tex tkz-tool-arith 1.161 c
)
(/usr/share/texlive/texmf-dist/tex/latex/tkz-base/tkz-tools-base.tex)
(/usr/share/texlive/texmf-dist/tex/latex/tkz-base/tkz-tools-misc.tex)
(/usr/share/texlive/texmf-dist/tex/latex/tkz-base/tkz-tools-math.tex)
(/usr/share/texlive/texmf-dist/tex/latex/tkz-base/tkz-obj-points.tex)
(/usr/share/texlive/texmf-dist/tex/latex/tkz-base/tkz-obj-segments.tex)
(/usr/share/texlive/texmf-dist/tex/latex/tkz-base/tkz-obj-marks.tex
\tkz@cntmk=\count154
))
(/usr/share/texlive/texmf-dist/tex/latex/tkz-euclide/tkz-tools-intersections.te
x)
(/usr/share/texlive/texmf-dist/tex/latex/tkz-euclide/tkz-tools-transformations.
tex) (/usr/share/texlive/texmf-dist/tex/latex/tkz-euclide/tkz-obj-lines.tex)
(/usr/share/texlive/texmf-dist/tex/latex/tkz-euclide/tkz-lib-symbols.tex)
(/usr/share/texlive/texmf-dist/tex/latex/tkz-euclide/tkz-obj-circles.tex)
(/usr/share/texlive/texmf-dist/tex/latex/tkz-euclide/tkz-obj-addpoints.tex))
(/usr/share/texlive/texmf-dist/tex/latex/adjustbox/adjustbox.sty
Package: adjustbox 2012/05/21 v1.0 Adjusting TeX boxes (trim, clip, ...)

(/usr/share/texlive/texmf-dist/tex/latex/xkeyval/xkeyval.sty
Package: xkeyval 2014/12/03 v2.7a package option processing (HA)

(/usr/share/texlive/texmf-dist/tex/generic/xkeyval/xkeyval.tex
(/usr/share/texlive/texmf-dist/tex/generic/xkeyval/xkvutils.tex
\XKV@toks=\toks45
\XKV@tempa@toks=\toks46
)
\XKV@depth=\count155
File: xkeyval.tex 2014/12/03 v2.7a key=value parser (HA)
))
(/usr/share/texlive/texmf-dist/tex/latex/adjustbox/adjcalc.sty
Package: adjcalc 2012/05/16 v1.1 Provides advanced setlength with multiple back
-ends (calc, etex, pgfmath)
)
(/usr/share/texlive/texmf-dist/tex/latex/adjustbox/trimclip.sty
Package: trimclip 2012/05/16 v1.0 Trim and clip general TeX material

(/usr/share/texlive/texmf-dist/tex/latex/collectbox/collectbox.sty
Package: collectbox 2012/05/17 v0.4b Collect macro arguments as boxes
\collectedbox=\box55
)
\tc@llx=\dimen182
\tc@lly=\dimen183
\tc@urx=\dimen184
\tc@ury=\dimen185
Package trimclip Info: Using driver 'tc-pdftex.def'.

(/usr/share/texlive/texmf-dist/tex/latex/adjustbox/tc-pdftex.def
File: tc-pdftex.def 2012/05/13 v1.0 Clipping driver for pdftex
))
\adjbox@Width=\dimen186
\adjbox@Height=\dimen187
\adjbox@Depth=\dimen188
\adjbox@Totalheight=\dimen189

(/usr/share/texlive/texmf-dist/tex/latex/ifoddpage/ifoddpage.sty
Package: ifoddpage 2016/04/23 v1.1 Conditionals for odd/even page detection
\c@checkoddpage=\count156
)
(/usr/share/texlive/texmf-dist/tex/latex/varwidth/varwidth.sty
Package: varwidth 2009/03/30 ver 0.92;  Variable-width minipages
\@vwid@box=\box56
\sift@deathcycles=\count157
\@vwid@loff=\dimen190
\@vwid@roff=\dimen191
))
(/usr/share/texlive/texmf-dist/tex/latex/pst-solides3d/pst-solides3d.sty
(/usr/share/texlive/texmf-dist/tex/latex/pstricks/pstricks.sty
Package: pstricks 2015/11/14 v0.62 LaTeX wrapper for `PSTricks' (RN,HV)

(/usr/share/texlive/texmf-dist/tex/generic/pstricks/pstricks.tex
(/usr/share/texlive/texmf-dist/tex/generic/xkeyval/pst-xkey.tex
File: pst-xkey.tex 2005/11/25 v1.6 PSTricks specialization of xkeyval (HA)
)
(/usr/share/texlive/texmf-dist/tex/generic/pstricks/pst-fp.tex
`pst-fp' v0.05, 2010/01/17 (hv)
\pstFP@xs=\count158
\pstFP@xia=\count159
\pstFP@xib=\count160
\pstFP@xfa=\count161
\pstFP@xfb=\count162
\pstFP@rega=\count163
\pstFP@regb=\count164
\pstFP@regs=\count165
\pstFP@times=\count166
)
(/usr/share/texlive/texmf-dist/tex/generic/pgf/utilities/pgfutil-common.tex
\pgfutil@everybye=\toks47
\pgfutil@tempdima=\dimen192
\pgfutil@tempdimb=\dimen193

(/usr/share/texlive/texmf-dist/tex/generic/pgf/utilities/pgfutil-common-lists.t
ex)) (/usr/share/texlive/texmf-dist/tex/generic/pgf/utilities/pgfkeys.code.tex)
(/usr/share/texlive/texmf-dist/tex/generic/pgf/utilities/pgffor.code.tex
(/usr/share/texlive/texmf-dist/tex/generic/pgf/math/pgfmath.code.tex)
\pgffor@iter=\dimen194
\pgffor@skip=\dimen195
\pgffor@stack=\toks48
\pgffor@toks=\toks49
)
\psLoopIndex=\count167

`PSTricks' v2.71  <2016/12/23> (tvz)
\pst@dima=\dimen196
\pst@dimb=\dimen197
\pst@dimc=\dimen198
\pst@dimd=\dimen199
Normal \dimen register pool exhausted, switching to extended pool.
\pst@dimg=\dimen256
\pst@dimh=\dimen257
\pst@dimm=\dimen258
\pst@dimn=\dimen259
\pst@dimo=\dimen260
\pst@dimp=\dimen261
\pst@hbox=\box57
\pst@ibox=\box58
\pst@boxg=\box59
\pst@cnta=\count168
\pst@cntb=\count169
\pst@cntc=\count170
\pst@cntd=\count171
\pst@cntg=\count172
\pst@cnth=\count173
\pst@cntm=\count174
\pst@cntn=\count175
\pst@cnto=\count176
\pst@cntp=\count177
\@zero=\count178
\pst@toks=\toks50
(/usr/share/texlive/texmf-dist/tex/generic/pstricks/pstricks.con)
\psunit=\dimen262
\psxunit=\dimen263
\psyunit=\dimen264
\pst@C@@rType=\count179
\pslinewidth=\dimen265
\psk@startLW=\dimen266
\psk@endLW=\dimen267
\pst@customdefs=\toks51
\pslinearc=\dimen268
\pst@symbolStep=\dimen269
\pst@symbolWidth=\dimen270
\pst@symbolLinewidth=\dimen271
\everypsbox=\toks52
\psframesep=\dimen272
\pslabelsep=\dimen273
\sh@wgridXunit=\dimen274
\sh@wgridYunit=\dimen275
\pst@shift=\dimen276
)
File: pstricks.tex 2016/12/23 v2.71 `PSTricks' (tvz,hv)

(/usr/share/texlive/texmf-dist/tex/generic/pstricks/pst-fp.tex)
File: pst-fp.tex 2016/12/23 v2.71 `PST-fp' (hv)
)
Package: pst-solides3d 2016/12/10 package wrapper for pst-solides3d

(/usr/share/texlive/texmf-dist/tex/generic/pst-solides3d/pst-solides3d.tex
(/usr/share/texlive/texmf-dist/tex/generic/pst-node/pst-node.tex
 v1.39, 2017/01/20
\psrow=\count180
\pscol=\count181
\psmatrixcnt=\count182
\psrowsep=\skip64
\pscolsep=\skip65
\pst@args=\count183
\num@pts=\count184
\pst@argcnt=\count185
)
(/usr/share/texlive/texmf-dist/tex/generic/multido/multido.tex
 v1.42, 2010/05/14 <tvz>
\multido@count=\count186
\multidocount=\count187
\multido@stuff=\toks53
) `PSTSOLIDESIIID' v4.31, 2016/12/10
\test@mode=\count188
)
File: pst-solides3d.tex 2016/12/10 v4.31 `PST-solides3D'
)
(/usr/share/texlive/texmf-dist/tex/generic/pgf/frontendlayer/tikz/libraries/tik
zlibrarymatrix.code.tex
File: tikzlibrarymatrix.code.tex 2013/07/12 v3.0.1a (rcs-revision 1.4)
)
(/usr/share/texlive/texmf-dist/tex/latex/tikz-3dplot/tikz-3dplot.sty
(/usr/share/texlive/texmf-dist/tex/latex/base/ifthen.sty
Package: ifthen 2014/09/29 v1.1c Standard LaTeX ifthen package (DPC)
)
(/usr/share/texlive/texmf-dist/tex/generic/pgf/frontendlayer/tikz/libraries/tik
zlibrary3d.code.tex
File: tikzlibrary3d.code.tex 2013/07/17 v3.0.1a (rcs-revision 1.2)
)) (/usr/share/texlive/texmf-dist/tex/generic/xypic/xy.sty
(/usr/share/texlive/texmf-dist/tex/generic/xypic/xy.tex Bootstrap'ing:
catcodes, docmode, (/usr/share/texlive/texmf-dist/tex/generic/xypic/xyrecat.tex
) (/usr/share/texlive/texmf-dist/tex/generic/xypic/xyidioms.tex)

 Xy-pic version 3.8.9 <2013/10/06>
 Copyright (c) 1991-2013 by Kristoffer H. Rose <krisrose@tug.org> and others
 Xy-pic is free software: see the User's Guide for details.

Loading kernel: messages; fonts; allocations: state,
\X@c=\dimen277
\Y@c=\dimen278
\U@c=\dimen279
\D@c=\dimen280
\L@c=\dimen281
\R@c=\dimen282
\Edge@c=\toks54
\X@p=\dimen283
\Y@p=\dimen284
\U@p=\dimen285
\D@p=\dimen286
\L@p=\dimen287
\R@p=\dimen288
\Edge@p=\toks55
\X@origin=\dimen289
\Y@origin=\dimen290
\X@xbase=\dimen291
\Y@xbase=\dimen292
\X@ybase=\dimen293
\Y@ybase=\dimen294
\X@min=\dimen295
\Y@min=\dimen296
\X@max=\dimen297
\Y@max=\dimen298
\lastobjectbox@=\box60
\zerodotbox@=\box61
\almostz@=\dimen299
 direction,
\d@X=\dimen300
\d@Y=\dimen301
\K@=\count189
\KK@=\count190
\Direction=\count191
\K@dXdY=\dimen302
\K@dYdX=\dimen303
\xyread@=\read2
\xywrite@=\write5
\csp@=\count192
\quotPTK@=\dimen304

utility macros; pictures: \xy, positions,
\swaptoks@@=\toks56
\connectobjectbox@@=\box62
 objects,
\styletoks@=\toks57
 decorations;
kernel objects: directionals, circles, text; options; algorithms: directions,
edges, connections;  Xy-pic loaded)
(/usr/share/texlive/texmf-dist/tex/generic/oberdiek/ifpdf.sty
Package: ifpdf 2016/05/14 v3.1 Provides the ifpdf switch
)
Package: xy 2013/10/06 Xy-pic version 3.8.9

(/usr/share/texlive/texmf-dist/tex/generic/xypic/xycmtip.tex
 Xy-pic option: Computer Modern tip extension v.3.7
(/usr/share/texlive/texmf-dist/tex/generic/xypic/xytips.tex
 Xy-pic option: More Tips extension v.3.11 loaded) loaded)
(/usr/share/texlive/texmf-dist/tex/generic/xypic/xyall.tex
 Xy-pic option: All features v.3.8
(/usr/share/texlive/texmf-dist/tex/generic/xypic/xycurve.tex
 Xy-pic option: Curve and Spline extension v.3.12 curve,
\crv@cnt@=\count193
\crvpts@=\toks58
\splinebox@=\box63
\splineval@=\dimen305
\splinedepth@=\dimen306
\splinetol@=\dimen307
\splinelength@=\dimen308
 circles,
\L@=\dimen309
 loaded)
(/usr/share/texlive/texmf-dist/tex/generic/xypic/xyframe.tex
 Xy-pic option: Frame and Bracket extension v.3.14 loaded)
(/usr/share/texlive/texmf-dist/tex/generic/xypic/xyline.tex
 Xy-pic option: Line styles extension v.3.10
\xylinethick@=\dimen310
 loaded)
(/usr/share/texlive/texmf-dist/tex/generic/xypic/xyrotate.tex
 Xy-pic option: Rotate and Scale extension v.3.8 loaded)
(/usr/share/texlive/texmf-dist/tex/generic/xypic/xycolor.tex
 Xy-pic option: Colour extension v.3.11 loaded)
(/usr/share/texlive/texmf-dist/tex/generic/xypic/xymatrix.tex
 Xy-pic option: Matrix feature v.3.14
\Row=\count194
\Col=\count195
\queue@=\toks59
\queue@@=\toks60
\qcount@=\count196
\qcount@@=\count197
\matrixsize@=\count198
 loaded)
(/usr/share/texlive/texmf-dist/tex/generic/xypic/xyarrow.tex
 Xy-pic option: Arrow and Path feature v.3.9 path, \ar, loaded)
(/usr/share/texlive/texmf-dist/tex/generic/xypic/xygraph.tex
 Xy-pic option: Graph feature v.3.11 loaded) loaded)
(/usr/share/texlive/texmf-dist/tex/generic/xypic/xypdf.tex
 Xy-pic option: PDF driver v.1.7 Xy-pic pdf driver: `color' extension support
(/usr/share/texlive/texmf-dist/tex/generic/xypic/xypdf-co.tex loaded)
Xy-pic pdf driver: `curve' extension support
(/usr/share/texlive/texmf-dist/tex/generic/xypic/xypdf-cu.tex loaded)
Xy-pic pdf driver: `frame' extension support
(/usr/share/texlive/texmf-dist/tex/generic/xypic/xypdf-fr.tex loaded)
Xy-pic pdf driver: `line' extension support
(/usr/share/texlive/texmf-dist/tex/generic/xypic/xypdf-li.tex loaded)
Xy-pic pdf driver: `rotate' extension support
(/usr/share/texlive/texmf-dist/tex/generic/xypic/xypdf-ro.tex loaded) loaded))
\c@thm=\count199

(/usr/share/texlive/texmf-dist/tex/latex/braket/braket.sty)
Class revtex4-1 Info: Unrecognized array package. Please update this document c
lass! (Proceeding with fingers crossed.) on input line 96.
Class revtex4-1 Info: Robustifying \LaTeX's \boldmath command on input line 96.

Class revtex4-1 Info: cite was not loaded (OK!) on input line 96.
Class revtex4-1 Info: mcite was not loaded (OK!) on input line 96.
Class revtex4-1 Info: multicol was not loaded (OK!) on input line 96.
 (./main.aux

LaTeX Warning: Label `fig:coltrans' multiply defined.

)
\openout1 = `main.aux'.

LaTeX Font Info:    Checking defaults for OML/cmm/m/it on input line 96.
LaTeX Font Info:    ... okay on input line 96.
LaTeX Font Info:    Checking defaults for T1/cmr/m/n on input line 96.
LaTeX Font Info:    ... okay on input line 96.
LaTeX Font Info:    Checking defaults for OT1/cmr/m/n on input line 96.
LaTeX Font Info:    ... okay on input line 96.
LaTeX Font Info:    Checking defaults for OMS/cmsy/m/n on input line 96.
LaTeX Font Info:    ... okay on input line 96.
LaTeX Font Info:    Checking defaults for OMX/cmex/m/n on input line 96.
LaTeX Font Info:    ... okay on input line 96.
LaTeX Font Info:    Checking defaults for U/cmr/m/n on input line 96.
LaTeX Font Info:    ... okay on input line 96.
 (/usr/share/texlive/texmf-dist/tex/context/base/mkii/supp-pdf.mkii
[Loading MPS to PDF converter (version 2006.09.02).]
Normal \count register pool exhausted, switching to extended pool.
\scratchcounter=\count277
\scratchdimen=\dimen311
\scratchbox=\box64
\nofMPsegments=\count278
\nofMParguments=\count279
\everyMPshowfont=\toks61
\MPscratchCnt=\count280
\MPscratchDim=\dimen312
\MPnumerator=\count281
\makeMPintoPDFobject=\count282
\everyMPtoPDFconversion=\toks62
) (/usr/share/texlive/texmf-dist/tex/generic/oberdiek/pdftexcmds.sty
Package: pdftexcmds 2016/05/21 v0.22 Utility functions of pdfTeX for LuaTeX (HO
)

(/usr/share/texlive/texmf-dist/tex/generic/oberdiek/ifluatex.sty
Package: ifluatex 2016/05/16 v1.4 Provides the ifluatex switch (HO)
Package ifluatex Info: LuaTeX not detected.
)
Package pdftexcmds Info: LuaTeX not detected.
Package pdftexcmds Info: \pdf@primitive is available.
Package pdftexcmds Info: \pdf@ifprimitive is available.
Package pdftexcmds Info: \pdfdraftmode found.
)
(/usr/share/texlive/texmf-dist/tex/latex/oberdiek/epstopdf-base.sty
Package: epstopdf-base 2016/05/15 v2.6 Base part for package epstopdf

(/usr/share/texlive/texmf-dist/tex/latex/oberdiek/grfext.sty
Package: grfext 2016/05/16 v1.2 Manage graphics extensions (HO)

(/usr/share/texlive/texmf-dist/tex/generic/oberdiek/kvdefinekeys.sty
Package: kvdefinekeys 2016/05/16 v1.4 Define keys (HO)
))
(/usr/share/texlive/texmf-dist/tex/latex/oberdiek/kvoptions.sty
Package: kvoptions 2016/05/16 v3.12 Key value format for package options (HO)

(/usr/share/texlive/texmf-dist/tex/generic/oberdiek/kvsetkeys.sty
Package: kvsetkeys 2016/05/16 v1.17 Key value parser (HO)

(/usr/share/texlive/texmf-dist/tex/generic/oberdiek/etexcmds.sty
Package: etexcmds 2016/05/16 v1.6 Avoid name clashes with e-TeX commands (HO)
Package etexcmds Info: Could not find \expanded.
(etexcmds)             That can mean that you are not using pdfTeX 1.50 or
(etexcmds)             that some package has redefined \expanded.
(etexcmds)             In the latter case, load this package earlier.
)))
Package epstopdf-base Info: Redefining graphics rule for `.eps' on input line 4
38.
Package grfext Info: Graphics extension search list:
(grfext)             [.png,.pdf,.jpg,.mps,.jpeg,.jbig2,.jb2,.PNG,.PDF,.JPG,.JPE
G,.JBIG2,.JB2,.eps]
(grfext)             \AppendGraphicsExtensions on input line 456.

(/usr/share/texlive/texmf-dist/tex/latex/latexconfig/epstopdf-sys.cfg
File: epstopdf-sys.cfg 2010/07/13 v1.3 Configuration of (r)epstopdf for TeX Liv
e
))
ABD: EveryShipout initializing macros
LaTeX Font Info:    Try loading font information for U+msa on input line 96.

(/usr/share/texlive/texmf-dist/tex/latex/amsfonts/umsa.fd
File: umsa.fd 2013/01/14 v3.01 AMS symbols A
)
LaTeX Font Info:    Try loading font information for U+msb on input line 96.

(/usr/share/texlive/texmf-dist/tex/latex/amsfonts/umsb.fd
File: umsb.fd 2013/01/14 v3.01 AMS symbols B
)
Package xypdf Info: Line width: 0.39998pt on input line 96.
\openout3 = `mainNotes.bib'.



Class revtex4-1 Warning: If you want your PACS to appear in your output, use do
cument class option showpacs.

[1
Non-PDF special ignored!
Non-PDF special ignored!
Non-PDF special ignored!
Non-PDF special ignored!
Non-PDF special ignored!
Non-PDF special ignored!
Non-PDF special ignored!
Non-PDF special ignored!
Non-PDF special ignored!
Non-PDF special ignored!
Non-PDF special ignored!{/var/lib/texmf/fonts/map/pdftex/updmap/pdftex.map}]
LaTeX Font Info:    Try loading font information for OMS+cmr on input line 141.


(/usr/share/texlive/texmf-dist/tex/latex/base/omscmr.fd
File: omscmr.fd 2014/09/29 v2.5h Standard LaTeX font definitions
)
LaTeX Font Info:    Font shape `OMS/cmr/m/n' in size <10> not available
(Font)              Font shape `OMS/cmsy/m/n' tried instead on input line 141.
LaTeX Font Info:    Try loading font information for U+bbold on input line 145.


(/usr/share/texlive/texmf-dist/tex/latex/bbold/Ubbold.fd)

Package natbib Warning: Citation `kazuothesis' on page 2 undefined on input lin
e 145.


Package natbib Warning: Citation `ricardo' on page 2 undefined on input line 14
5.


Package natbib Warning: Citation `castelnovo12' on page 2 undefined on input li
ne 147.


Package natbib Warning: Citation `bravyi13' on page 2 undefined on input line 1
47.


Package natbib Warning: Citation `vijay17' on page 2 undefined on input line 14
7.


Package natbib Warning: Citation `shirley17' on page 2 undefined on input line 
147.


Package natbib Warning: Citation `rahul18' on page 2 undefined on input line 14
7.


Package natbib Warning: Citation `slagle17' on page 2 undefined on input line 1
47.

[2]

LaTeX Warning: Reference `eq:Av1G' on page 3 undefined on input line 167.

Package epstopdf Info: Source file: <./Figs/Bp2Gket1.eps>
(epstopdf)                    date: 2019-04-11 11:53:00
(epstopdf)                    size: 9967 bytes
(epstopdf)             Output file: <./Figs/Bp2Gket1-eps-converted-to.pdf>
(epstopdf)                    date: 2019-04-11 12:49:01
(epstopdf)                    size: 5190 bytes
(epstopdf)             Command: <repstopdf --outfile=./Figs/Bp2Gket1-eps-conver
ted-to.pdf ./Figs/Bp2Gket1.eps>
(epstopdf)             \includegraphics on input line 170.
Package epstopdf Info: Output file is already uptodate.
<./Figs/Bp2Gket1-eps-converted-to.pdf, id=27, 73.27374pt x 61.22874pt>
File: ./Figs/Bp2Gket1-eps-converted-to.pdf Graphic file (type pdf)

<use ./Figs/Bp2Gket1-eps-converted-to.pdf>
Package pdftex.def Info: ./Figs/Bp2Gket1-eps-converted-to.pdf used on input lin
e 170.
(pdftex.def)             Requested size: 47.62735pt x 39.79819pt.
Package epstopdf Info: Source file: <./Figs/Bp2Gket1.eps>
(epstopdf)                    date: 2019-04-11 11:53:00
(epstopdf)                    size: 9967 bytes
(epstopdf)             Output file: <./Figs/Bp2Gket1-eps-converted-to.pdf>
(epstopdf)                    date: 2019-04-11 12:49:01
(epstopdf)                    size: 5190 bytes
(epstopdf)             Command: <repstopdf --outfile=./Figs/Bp2Gket1-eps-conver
ted-to.pdf ./Figs/Bp2Gket1.eps>
(epstopdf)             \includegraphics on input line 170.
Package epstopdf Info: Output file is already uptodate.
File: ./Figs/Bp2Gket1-eps-converted-to.pdf Graphic file (type pdf)

<use ./Figs/Bp2Gket1-eps-converted-to.pdf>
Package pdftex.def Info: ./Figs/Bp2Gket1-eps-converted-to.pdf used on input lin
e 170.
(pdftex.def)             Requested size: 47.62735pt x 39.79819pt.
Package epstopdf Info: Source file: <./Figs/Bp2Gket1.eps>
(epstopdf)                    date: 2019-04-11 11:53:00
(epstopdf)                    size: 9967 bytes
(epstopdf)             Output file: <./Figs/Bp2Gket1-eps-converted-to.pdf>
(epstopdf)                    date: 2019-04-11 12:49:01
(epstopdf)                    size: 5190 bytes
(epstopdf)             Command: <repstopdf --outfile=./Figs/Bp2Gket1-eps-conver
ted-to.pdf ./Figs/Bp2Gket1.eps>
(epstopdf)             \includegraphics on input line 170.
Package epstopdf Info: Output file is already uptodate.
File: ./Figs/Bp2Gket1-eps-converted-to.pdf Graphic file (type pdf)

<use ./Figs/Bp2Gket1-eps-converted-to.pdf>
Package pdftex.def Info: ./Figs/Bp2Gket1-eps-converted-to.pdf used on input lin
e 170.
(pdftex.def)             Requested size: 47.62735pt x 39.79819pt.
Package epstopdf Info: Source file: <./Figs/Bp2Gket1.eps>
(epstopdf)                    date: 2019-04-11 11:53:00
(epstopdf)                    size: 9967 bytes
(epstopdf)             Output file: <./Figs/Bp2Gket1-eps-converted-to.pdf>
(epstopdf)                    date: 2019-04-11 12:49:01
(epstopdf)                    size: 5190 bytes
(epstopdf)             Command: <repstopdf --outfile=./Figs/Bp2Gket1-eps-conver
ted-to.pdf ./Figs/Bp2Gket1.eps>
(epstopdf)             \includegraphics on input line 170.
Package epstopdf Info: Output file is already uptodate.
File: ./Figs/Bp2Gket1-eps-converted-to.pdf Graphic file (type pdf)

<use ./Figs/Bp2Gket1-eps-converted-to.pdf>
Package pdftex.def Info: ./Figs/Bp2Gket1-eps-converted-to.pdf used on input lin
e 170.
(pdftex.def)             Requested size: 47.62735pt x 39.79819pt.


LaTeX Warning: Reference `sec:2gauge' on page 3 undefined on input line 171.


LaTeX Warning: Reference `eq:Av2G' on page 3 undefined on input line 173.

Package epstopdf Info: Source file: <./Figs/color2G.eps>
(epstopdf)                    date: 2019-04-11 11:52:58
(epstopdf)                    size: 37517 bytes
(epstopdf)             Output file: <./Figs/color2G-eps-converted-to.pdf>
(epstopdf)                    date: 2019-04-11 12:49:01
(epstopdf)                    size: 36180 bytes
(epstopdf)             Command: <repstopdf --outfile=./Figs/color2G-eps-convert
ed-to.pdf ./Figs/color2G.eps>
(epstopdf)             \includegraphics on input line 180.
Package epstopdf Info: Output file is already uptodate.
<./Figs/color2G-eps-converted-to.pdf, id=28, 301.125pt x 114.4275pt>
File: ./Figs/color2G-eps-converted-to.pdf Graphic file (type pdf)

<use ./Figs/color2G-eps-converted-to.pdf>
Package pdftex.def Info: ./Figs/color2G-eps-converted-to.pdf used on input line
 180.
(pdftex.def)             Requested size: 240.90031pt x 91.54211pt.
 [3 <./Figs/Bp2Gket1-eps-converted-to.pdf> <./Figs/color2G-eps-converted-to.pdf
>]
Package epstopdf Info: Source file: <./Figs/shortest.eps>
(epstopdf)                    date: 2019-04-11 11:52:58
(epstopdf)                    size: 4141 bytes
(epstopdf)             Output file: <./Figs/shortest-eps-converted-to.pdf>
(epstopdf)                    date: 2019-04-11 12:49:02
(epstopdf)                    size: 3172 bytes
(epstopdf)             Command: <repstopdf --outfile=./Figs/shortest-eps-conver
ted-to.pdf ./Figs/shortest.eps>
(epstopdf)             \includegraphics on input line 208.
Package epstopdf Info: Output file is already uptodate.

<./Figs/shortest-eps-converted-to.pdf, id=46, 102.3825pt x 103.38625pt>
File: ./Figs/shortest-eps-converted-to.pdf Graphic file (type pdf)

<use ./Figs/shortest-eps-converted-to.pdf>
Package pdftex.def Info: ./Figs/shortest-eps-converted-to.pdf used on input lin
e 208.
(pdftex.def)             Requested size: 71.66725pt x 72.36987pt.
Package epstopdf Info: Source file: <./Figs/graphstate.eps>
(epstopdf)                    date: 2019-04-11 11:52:58
(epstopdf)                    size: 17311 bytes
(epstopdf)             Output file: <./Figs/graphstate-eps-converted-to.pdf>
(epstopdf)                    date: 2019-04-11 12:49:02
(epstopdf)                    size: 11200 bytes
(epstopdf)             Command: <repstopdf --outfile=./Figs/graphstate-eps-conv
erted-to.pdf ./Figs/graphstate.eps>
(epstopdf)             \includegraphics on input line 215.
Package epstopdf Info: Output file is already uptodate.

<./Figs/graphstate-eps-converted-to.pdf, id=47, 264.99pt x 97.36375pt>
File: ./Figs/graphstate-eps-converted-to.pdf Graphic file (type pdf)

<use ./Figs/graphstate-eps-converted-to.pdf>
Package pdftex.def Info: ./Figs/graphstate-eps-converted-to.pdf used on input l
ine 215.
(pdftex.def)             Requested size: 211.99228pt x 77.89108pt.
Package epstopdf Info: Source file: <./Figs/col1.eps>
(epstopdf)                    date: 2019-04-11 11:52:58
(epstopdf)                    size: 4566 bytes
(epstopdf)             Output file: <./Figs/col1-eps-converted-to.pdf>
(epstopdf)                    date: 2019-04-11 12:49:02
(epstopdf)                    size: 3084 bytes
(epstopdf)             Command: <repstopdf --outfile=./Figs/col1-eps-converted-
to.pdf ./Figs/col1.eps>
(epstopdf)             \includegraphics on input line 222.
Package epstopdf Info: Output file is already uptodate.

<./Figs/col1-eps-converted-to.pdf, id=48, 129.48375pt x 50.1875pt>
File: ./Figs/col1-eps-converted-to.pdf Graphic file (type pdf)

<use ./Figs/col1-eps-converted-to.pdf>
Package pdftex.def Info: ./Figs/col1-eps-converted-to.pdf used on input line 22
2.
(pdftex.def)             Requested size: 84.16342pt x 32.62148pt.
Package epstopdf Info: Source file: <./Figs/col2.eps>
(epstopdf)                    date: 2019-04-11 11:52:58
(epstopdf)                    size: 9250 bytes
(epstopdf)             Output file: <./Figs/col2-eps-converted-to.pdf>
(epstopdf)                    date: 2019-04-11 12:49:03
(epstopdf)                    size: 6812 bytes
(epstopdf)             Command: <repstopdf --outfile=./Figs/col2-eps-converted-
to.pdf ./Figs/col2.eps>
(epstopdf)             \includegraphics on input line 223.
Package epstopdf Info: Output file is already uptodate.

<./Figs/col2-eps-converted-to.pdf, id=49, 147.55125pt x 50.1875pt>
File: ./Figs/col2-eps-converted-to.pdf Graphic file (type pdf)

<use ./Figs/col2-eps-converted-to.pdf>
Package pdftex.def Info: ./Figs/col2-eps-converted-to.pdf used on input line 22
3.
(pdftex.def)             Requested size: 95.90717pt x 32.62148pt.
 [4 <./Figs/shortest-eps-converted-to.pdf> <./Figs/graphstate-eps-converted-to.
pdf> <./Figs/col1-eps-converted-to.pdf> <./Figs/col2-eps-converted-to.pdf>]
Package epstopdf Info: Source file: <./Figs/Bket1.eps>
(epstopdf)                    date: 2019-04-11 11:52:58
(epstopdf)                    size: 6593 bytes
(epstopdf)             Output file: <./Figs/Bket1-eps-converted-to.pdf>
(epstopdf)                    date: 2019-04-11 12:49:03
(epstopdf)                    size: 3769 bytes
(epstopdf)             Command: <repstopdf --outfile=./Figs/Bket1-eps-converted
-to.pdf ./Figs/Bket1.eps>
(epstopdf)             \includegraphics on input line 235.
Package epstopdf Info: Output file is already uptodate.

<./Figs/Bket1-eps-converted-to.pdf, id=67, 73.27374pt x 61.22874pt>
File: ./Figs/Bket1-eps-converted-to.pdf Graphic file (type pdf)

<use ./Figs/Bket1-eps-converted-to.pdf>
Package pdftex.def Info: ./Figs/Bket1-eps-converted-to.pdf used on input line 2
35.
(pdftex.def)             Requested size: 47.62735pt x 39.79819pt.
Package epstopdf Info: Source file: <./Figs/Bket1.eps>
(epstopdf)                    date: 2019-04-11 11:52:58
(epstopdf)                    size: 6593 bytes
(epstopdf)             Output file: <./Figs/Bket1-eps-converted-to.pdf>
(epstopdf)                    date: 2019-04-11 12:49:03
(epstopdf)                    size: 3769 bytes
(epstopdf)             Command: <repstopdf --outfile=./Figs/Bket1-eps-converted
-to.pdf ./Figs/Bket1.eps>
(epstopdf)             \includegraphics on input line 235.
Package epstopdf Info: Output file is already uptodate.
File: ./Figs/Bket1-eps-converted-to.pdf Graphic file (type pdf)

<use ./Figs/Bket1-eps-converted-to.pdf>
Package pdftex.def Info: ./Figs/Bket1-eps-converted-to.pdf used on input line 2
35.
(pdftex.def)             Requested size: 47.62735pt x 39.79819pt.
Package epstopdf Info: Source file: <./Figs/Bket1.eps>
(epstopdf)                    date: 2019-04-11 11:52:58
(epstopdf)                    size: 6593 bytes
(epstopdf)             Output file: <./Figs/Bket1-eps-converted-to.pdf>
(epstopdf)                    date: 2019-04-11 12:49:03
(epstopdf)                    size: 3769 bytes
(epstopdf)             Command: <repstopdf --outfile=./Figs/Bket1-eps-converted
-to.pdf ./Figs/Bket1.eps>
(epstopdf)             \includegraphics on input line 235.
Package epstopdf Info: Output file is already uptodate.
File: ./Figs/Bket1-eps-converted-to.pdf Graphic file (type pdf)

<use ./Figs/Bket1-eps-converted-to.pdf>
Package pdftex.def Info: ./Figs/Bket1-eps-converted-to.pdf used on input line 2
35.
(pdftex.def)             Requested size: 47.62735pt x 39.79819pt.
Package epstopdf Info: Source file: <./Figs/Bket1.eps>
(epstopdf)                    date: 2019-04-11 11:52:58
(epstopdf)                    size: 6593 bytes
(epstopdf)             Output file: <./Figs/Bket1-eps-converted-to.pdf>
(epstopdf)                    date: 2019-04-11 12:49:03
(epstopdf)                    size: 3769 bytes
(epstopdf)             Command: <repstopdf --outfile=./Figs/Bket1-eps-converted
-to.pdf ./Figs/Bket1.eps>
(epstopdf)             \includegraphics on input line 235.
Package epstopdf Info: Output file is already uptodate.
File: ./Figs/Bket1-eps-converted-to.pdf Graphic file (type pdf)

<use ./Figs/Bket1-eps-converted-to.pdf>
Package pdftex.def Info: ./Figs/Bket1-eps-converted-to.pdf used on input line 2
35.
(pdftex.def)             Requested size: 47.62735pt x 39.79819pt.
Package epstopdf Info: Source file: <./Figs/Bket1.eps>
(epstopdf)                    date: 2019-04-11 11:52:58
(epstopdf)                    size: 6593 bytes
(epstopdf)             Output file: <./Figs/Bket1-eps-converted-to.pdf>
(epstopdf)                    date: 2019-04-11 12:49:03
(epstopdf)                    size: 3769 bytes
(epstopdf)             Command: <repstopdf --outfile=./Figs/Bket1-eps-converted
-to.pdf ./Figs/Bket1.eps>
(epstopdf)             \includegraphics on input line 235.
Package epstopdf Info: Output file is already uptodate.
File: ./Figs/Bket1-eps-converted-to.pdf Graphic file (type pdf)

<use ./Figs/Bket1-eps-converted-to.pdf>
Package pdftex.def Info: ./Figs/Bket1-eps-converted-to.pdf used on input line 2
35.
(pdftex.def)             Requested size: 47.62735pt x 39.79819pt.
Package epstopdf Info: Source file: <./Figs/Bket1.eps>
(epstopdf)                    date: 2019-04-11 11:52:58
(epstopdf)                    size: 6593 bytes
(epstopdf)             Output file: <./Figs/Bket1-eps-converted-to.pdf>
(epstopdf)                    date: 2019-04-11 12:49:03
(epstopdf)                    size: 3769 bytes
(epstopdf)             Command: <repstopdf --outfile=./Figs/Bket1-eps-converted
-to.pdf ./Figs/Bket1.eps>
(epstopdf)             \includegraphics on input line 235.
Package epstopdf Info: Output file is already uptodate.
File: ./Figs/Bket1-eps-converted-to.pdf Graphic file (type pdf)

<use ./Figs/Bket1-eps-converted-to.pdf>
Package pdftex.def Info: ./Figs/Bket1-eps-converted-to.pdf used on input line 2
35.
(pdftex.def)             Requested size: 47.62735pt x 39.79819pt.
Package epstopdf Info: Source file: <./Figs/graph2.eps>
(epstopdf)                    date: 2019-04-11 11:52:58
(epstopdf)                    size: 14333 bytes
(epstopdf)             Output file: <./Figs/graph2-eps-converted-to.pdf>
(epstopdf)                    date: 2019-04-11 12:49:04
(epstopdf)                    size: 9409 bytes
(epstopdf)             Command: <repstopdf --outfile=./Figs/graph2-eps-converte
d-to.pdf ./Figs/graph2.eps>
(epstopdf)             \includegraphics on input line 239.
Package epstopdf Info: Output file is already uptodate.

<./Figs/graph2-eps-converted-to.pdf, id=68, 168.63pt x 74.2775pt>
File: ./Figs/graph2-eps-converted-to.pdf Graphic file (type pdf)

<use ./Figs/graph2-eps-converted-to.pdf>
Package pdftex.def Info: ./Figs/graph2-eps-converted-to.pdf used on input line 
239.
(pdftex.def)             Requested size: 134.90417pt x 59.42207pt.
Package epstopdf Info: Source file: <./Figs/coltrans.eps>
(epstopdf)                    date: 2019-04-11 11:52:58
(epstopdf)                    size: 21074 bytes
(epstopdf)             Output file: <./Figs/coltrans-eps-converted-to.pdf>
(epstopdf)                    date: 2019-04-11 12:49:04
(epstopdf)                    size: 18178 bytes
(epstopdf)             Command: <repstopdf --outfile=./Figs/coltrans-eps-conver
ted-to.pdf ./Figs/coltrans.eps>
(epstopdf)             \includegraphics on input line 248.
Package epstopdf Info: Output file is already uptodate.

<./Figs/coltrans-eps-converted-to.pdf, id=69, 301.125pt x 114.4275pt>
File: ./Figs/coltrans-eps-converted-to.pdf Graphic file (type pdf)

<use ./Figs/coltrans-eps-converted-to.pdf>
Package pdftex.def Info: ./Figs/coltrans-eps-converted-to.pdf used on input lin
e 248.
(pdftex.def)             Requested size: 180.67638pt x 68.65701pt.


LaTeX Warning: `!h' float specifier changed to `!ht'.


Package natbib Warning: Citation `pablo' on page 5 undefined on input line 252.


Package epstopdf Info: Source file: <./Figs/class1.eps>
(epstopdf)                    date: 2019-04-11 11:52:58
(epstopdf)                    size: 18183 bytes
(epstopdf)             Output file: <./Figs/class1-eps-converted-to.pdf>
(epstopdf)                    date: 2019-04-11 12:49:04
(epstopdf)                    size: 9162 bytes
(epstopdf)             Command: <repstopdf --outfile=./Figs/class1-eps-converte
d-to.pdf ./Figs/class1.eps>
(epstopdf)             \includegraphics on input line 255.
Package epstopdf Info: Output file is already uptodate.
<./Figs/class1-eps-converted-to.pdf, id=70, 801.99625pt x 103.38625pt>
File: ./Figs/class1-eps-converted-to.pdf Graphic file (type pdf)

<use ./Figs/class1-eps-converted-to.pdf>
Package pdftex.def Info: ./Figs/class1-eps-converted-to.pdf used on input line 
255.
(pdftex.def)             Requested size: 441.09929pt x 56.8626pt.


LaTeX Warning: `!h' float specifier changed to `!ht'.

Package epstopdf Info: Source file: <./Figs/class2.eps>
(epstopdf)                    date: 2019-04-11 11:52:58
(epstopdf)                    size: 13711 bytes
(epstopdf)             Output file: <./Figs/class2-eps-converted-to.pdf>
(epstopdf)                    date: 2019-04-11 12:49:05
(epstopdf)                    size: 8074 bytes
(epstopdf)             Command: <repstopdf --outfile=./Figs/class2-eps-converte
d-to.pdf ./Figs/class2.eps>
(epstopdf)             \includegraphics on input line 262.
Package epstopdf Info: Output file is already uptodate.
<./Figs/class2-eps-converted-to.pdf, id=71, 494.84875pt x 103.38625pt>
File: ./Figs/class2-eps-converted-to.pdf Graphic file (type pdf)

<use ./Figs/class2-eps-converted-to.pdf>
Package pdftex.def Info: ./Figs/class2-eps-converted-to.pdf used on input line 
262.
(pdftex.def)             Requested size: 272.16765pt x 56.8626pt.


LaTeX Warning: `!h' float specifier changed to `!ht'.

[5 <./Figs/Bket1-eps-converted-to.pdf> <./Figs/graph2-eps-converted-to.pdf>]
Package epstopdf Info: Source file: <./Figs/ket1.eps>
(epstopdf)                    date: 2019-04-11 11:52:58
(epstopdf)                    size: 3154 bytes
(epstopdf)             Output file: <./Figs/ket1-eps-converted-to.pdf>
(epstopdf)                    date: 2019-04-11 12:49:06
(epstopdf)                    size: 2738 bytes
(epstopdf)             Command: <repstopdf --outfile=./Figs/ket1-eps-converted-
to.pdf ./Figs/ket1.eps>
(epstopdf)             \includegraphics on input line 267.
Package epstopdf Info: Output file is already uptodate.

<./Figs/ket1-eps-converted-to.pdf, id=81, 73.27374pt x 61.22874pt>
File: ./Figs/ket1-eps-converted-to.pdf Graphic file (type pdf)

<use ./Figs/ket1-eps-converted-to.pdf>
Package pdftex.def Info: ./Figs/ket1-eps-converted-to.pdf used on input line 26
7.
(pdftex.def)             Requested size: 47.62735pt x 39.79819pt.
Package epstopdf Info: Source file: <./Figs/Bket1.eps>
(epstopdf)                    date: 2019-04-11 11:52:58
(epstopdf)                    size: 6593 bytes
(epstopdf)             Output file: <./Figs/Bket1-eps-converted-to.pdf>
(epstopdf)                    date: 2019-04-11 12:49:03
(epstopdf)                    size: 3769 bytes
(epstopdf)             Command: <repstopdf --outfile=./Figs/Bket1-eps-converted
-to.pdf ./Figs/Bket1.eps>
(epstopdf)             \includegraphics on input line 269.
Package epstopdf Info: Output file is already uptodate.
File: ./Figs/Bket1-eps-converted-to.pdf Graphic file (type pdf)
 <use ./Figs/Bket1-eps-converted-to.pdf>
Package pdftex.def Info: ./Figs/Bket1-eps-converted-to.pdf used on input line 2
69.
(pdftex.def)             Requested size: 47.62735pt x 39.79819pt.
Package epstopdf Info: Source file: <./Figs/Bket1.eps>
(epstopdf)                    date: 2019-04-11 11:52:58
(epstopdf)                    size: 6593 bytes
(epstopdf)             Output file: <./Figs/Bket1-eps-converted-to.pdf>
(epstopdf)                    date: 2019-04-11 12:49:03
(epstopdf)                    size: 3769 bytes
(epstopdf)             Command: <repstopdf --outfile=./Figs/Bket1-eps-converted
-to.pdf ./Figs/Bket1.eps>
(epstopdf)             \includegraphics on input line 269.
Package epstopdf Info: Output file is already uptodate.
File: ./Figs/Bket1-eps-converted-to.pdf Graphic file (type pdf)

<use ./Figs/Bket1-eps-converted-to.pdf>
Package pdftex.def Info: ./Figs/Bket1-eps-converted-to.pdf used on input line 2
69.
(pdftex.def)             Requested size: 47.62735pt x 39.79819pt.
Package epstopdf Info: Source file: <./Figs/ket2.eps>
(epstopdf)                    date: 2019-04-11 11:52:58
(epstopdf)                    size: 7267 bytes
(epstopdf)             Output file: <./Figs/ket2-eps-converted-to.pdf>
(epstopdf)                    date: 2019-04-11 12:49:06
(epstopdf)                    size: 6661 bytes
(epstopdf)             Command: <repstopdf --outfile=./Figs/ket2-eps-converted-
to.pdf ./Figs/ket2.eps>
(epstopdf)             \includegraphics on input line 277.
Package epstopdf Info: Output file is already uptodate.

<./Figs/ket2-eps-converted-to.pdf, id=82, 73.27374pt x 61.22874pt>
File: ./Figs/ket2-eps-converted-to.pdf Graphic file (type pdf)

<use ./Figs/ket2-eps-converted-to.pdf>
Package pdftex.def Info: ./Figs/ket2-eps-converted-to.pdf used on input line 27
7.
(pdftex.def)             Requested size: 47.62735pt x 39.79819pt.
 [6 <./Figs/coltrans-eps-converted-to.pdf> <./Figs/class1-eps-converted-to.pdf>
 <./Figs/class2-eps-converted-to.pdf> <./Figs/ket1-eps-converted-to.pdf> <./Fig
s/ket2-eps-converted-to.pdf>]

Package natbib Warning: Citation `rahul18' on page 7 undefined on input line 28
5.

(./main.bbl)

Package natbib Warning: There were undefined citations.

[7] (./main.aux)

LaTeX Warning: There were undefined references.


LaTeX Warning: There were multiply-defined labels.

 ) 
Here is how much of TeX's memory you used:
 24811 strings out of 493013
 450170 string characters out of 6135682
 618520 words of memory out of 5000000
 27714 multiletter control sequences out of 15000+600000
 17492 words of font info for 70 fonts, out of 8000000 for 9000
 1141 hyphenation exceptions out of 8191
 55i,14n,67p,3215b,423s stack positions out of 5000i,500n,10000p,200000b,80000s
</usr/share/texlive/texmf-dist/fonts/type1/public/bbold-type1/bbold10.pfb></u
sr/share/texlive/texmf-dist/fonts/type1/public/amsfonts/cm/cmbx10.pfb></usr/sha
re/texlive/texmf-dist/fonts/type1/public/amsfonts/cm/cmbx12.pfb></usr/share/tex
live/texmf-dist/fonts/type1/public/amsfonts/cm/cmbx9.pfb></usr/share/texlive/te
xmf-dist/fonts/type1/public/amsfonts/cm/cmex10.pfb></usr/share/texlive/texmf-di
st/fonts/type1/public/amsfonts/cm/cmmi10.pfb></usr/share/texlive/texmf-dist/fon
ts/type1/public/amsfonts/cm/cmmi7.pfb></usr/share/texlive/texmf-dist/fonts/type
1/public/amsfonts/cm/cmr10.pfb></usr/share/texlive/texmf-dist/fonts/type1/publi
c/amsfonts/cm/cmr5.pfb></usr/share/texlive/texmf-dist/fonts/type1/public/amsfon
ts/cm/cmr6.pfb></usr/share/texlive/texmf-dist/fonts/type1/public/amsfonts/cm/cm
r7.pfb></usr/share/texlive/texmf-dist/fonts/type1/public/amsfonts/cm/cmr8.pfb><
/usr/share/texlive/texmf-dist/fonts/type1/public/amsfonts/cm/cmr9.pfb></usr/sha
re/texlive/texmf-dist/fonts/type1/public/amsfonts/cm/cmsy10.pfb></usr/share/tex
live/texmf-dist/fonts/type1/public/amsfonts/cm/cmsy5.pfb></usr/share/texlive/te
xmf-dist/fonts/type1/public/amsfonts/cm/cmsy6.pfb></usr/share/texlive/texmf-dis
t/fonts/type1/public/amsfonts/cm/cmsy7.pfb></usr/share/texlive/texmf-dist/fonts
/type1/public/amsfonts/cm/cmti10.pfb></usr/share/texlive/texmf-dist/fonts/type1
/public/amsfonts/cm/cmti9.pfb></usr/share/texlive/texmf-dist/fonts/type1/public
/amsfonts/cm/cmtt9.pfb>
Output written on main.pdf (7 pages, 347672 bytes).
PDF statistics:
 171 PDF objects out of 1000 (max. 8388607)
 104 compressed objects within 2 object streams
 0 named destinations out of 1000 (max. 500000)
 66 words of extra memory for PDF output out of 10000 (max. 10000000)

